@read1
TATTTTCAGCC
+
99999999999
@read2
ACTTTTCAGAA
+
99999999999
@read3
CGGTTGGCGAC
+
99999999999
@read4
CCATCAAAAGA
+
99999999999
@read5
AAAGAATCATT
+
99999999999
@read6
GCTATAAAAAT
+
99999999999
@read7
CTAATACTAAG
+
99999999999
@read8
TCGGAATCAGG
+
99999999999
@read9
TAGGCTTAGGC
+
99999999999
@read10
TTCGGATTTTA
+
99999999999
@read11
ATTGAAAATTT
+
99999999999
@read12
TGTTTAAAAAC
+
99999999999
@read13
GAAATACAAAC
+
99999999999
@read14
GTATTCTTTAA
+
99999999999
@read15
GGAAATTTTTT
+
99999999999
@read16
TGCTTAACATT
+
99999999999
@read17
CCACCACCAGG
+
99999999999
@read18
TCAGAATATAT
+
99999999999
@read19
TGAGCACAATA
+
99999999999
@read20
GATCTCCGCGA
+
99999999999
@read21
CAACAATTTTA
+
99999999999
@read22
ATTGTTTTCGA
+
99999999999
@read23
AATAAATAGGG
+
99999999999
@read24
ATTCGAGGTGG
+
99999999999
@read25
ATATTAATTTT
+
99999999999
@read26
TTCGAGCATAT
+
99999999999
@read27
GAAAAATTCAA
+
99999999999
@read28
GAATCCAATTT
+
99999999999
@read29
TTTTGGAAAAA
+
99999999999
@read30
TTTGAATTTCT
+
99999999999
@read31
AATTCACCATA
+
99999999999
@read32
TCTTTCAATGT
+
99999999999
@read33
ATACAGATTTT
+
99999999999
@read34
AAATACTATTA
+
99999999999
@read35
TTCGAGGTGGA
+
99999999999
@read36
TTTCCAACAAA
+
99999999999
@read37
ATTTGTTGAAA
+
99999999999
@read38
AGCGTTTTGGG
+
99999999999
@read39
CTCCCCCTTTA
+
99999999999
@read40
CAGGAAACGTC
+
99999999999
@read41
CGCAGTAAGAC
+
99999999999
@read42
ATGCCTTATGG
+
99999999999
@read43
TTTTTATTGAA
+
99999999999
@read44
TTTGTGGTCAA
+
99999999999
@read45
TTCCATATCAA
+
99999999999
@read46
AAAAACAAAAA
+
99999999999
@read47
AACTATGGGAA
+
99999999999
@read48
AGACGAAACAA
+
99999999999
@read49
CTTTTGAGTCC
+
99999999999
@read50
GAAAAATTCAA
+
99999999999
@read51
TACCTTAATGC
+
99999999999
@read52
ATTTCAAAAAA
+
99999999999
@read53
AAGTTTAAAAA
+
99999999999
@read54
TCGTGCAAATT
+
99999999999
@read55
CCATTGGATGC
+
99999999999
@read56
AAGGGTCTTGC
+
99999999999
@read57
AGTGCACATCA
+
99999999999
@read58
ACAAGATTATT
+
99999999999
@read59
TTACAGTATTT
+
99999999999
@read60
AATGTGAAAAA
+
99999999999
@read61
AAACGTTTTGA
+
99999999999
@read62
TGCCCTAGCTA
+
99999999999
@read63
GATTAGAGTTC
+
99999999999
@read64
AAATTCACCAT
+
99999999999
@read65
TTGTCGAATTT
+
99999999999
@read66
CTTTTGTGAAT
+
99999999999
@read67
AAATAGTTTAA
+
99999999999
@read68
TTTTCGAAACA
+
99999999999
@read69
CAACCATTTAT
+
99999999999
@read70
AGAAACATATA
+
99999999999
@read71
TGATGTCAAAG
+
99999999999
@read72
TCAAAAAACCC
+
99999999999
@read73
CGGCGGTTGGC
+
99999999999
@read74
GTAGCTACCAT
+
99999999999
@read75
TTGCCGACAAC
+
99999999999
@read76
TAGATCACATG
+
99999999999
@read77
TCTGCCGTGTT
+
99999999999
@read78
AATCTTTGTTT
+
99999999999
@read79
AAATAGAGGAT
+
99999999999
@read80
CTGGAAAATAT
+
99999999999
@read81
CAGTAAGTGGG
+
99999999999
@read82
GGCTTAGTCTT
+
99999999999
@read83
TTTCCATTGAT
+
99999999999
@read84
TATACTAAATT
+
99999999999
@read85
GAAGCTCGGGC
+
99999999999
@read86
ACAATATTCCT
+
99999999999
@read87
GTACCCCACTT
+
99999999999
@read88
ATGTTATAGAG
+
99999999999
@read89
CAGACCTCATT
+
99999999999
@read90
TCAGAAACATA
+
99999999999
@read91
CGTTTGCCGAA
+
99999999999
@read92
TAAGCGACAAA
+
99999999999
@read93
TCATTATTTTT
+
99999999999
@read94
CGAACCCGCTT
+
99999999999
@read95
TAAAATTTCAT
+
99999999999
@read96
AAAAATTCCCT
+
99999999999
@read97
TACGAGGAGAA
+
99999999999
@read98
CATTGAAATTT
+
99999999999
@read99
TTTTCGGTCAC
+
99999999999
@read100
CCTTAATGCCT
+
99999999999
@read101
GTTGAAAACAT
+
99999999999
@read102
GCTTAGGCTTA
+
99999999999
@read103
AGCCTAAGACT
+
99999999999
@read104
TGTAGCTACGA
+
99999999999
@read105
TCAATGTTGTT
+
99999999999
@read106
TTCCGGAACTC
+
99999999999
@read107
CCTAGAATTTT
+
99999999999
@read108
TCGATATTATC
+
99999999999
@read109
CGTCTATTTCT
+
99999999999
@read110
AAGAAAAGACC
+
99999999999
@read111
TCAAAAATTCT
+
99999999999
@read112
TATTCTATTCC
+
99999999999
@read113
CGACAATTTGC
+
99999999999
@read114
CATGTGACGTA
+
99999999999
@read115
TTTTTTGGTGT
+
99999999999
@read116
AAATTTTCAGC
+
99999999999
@read117
GAAACAACAAT
+
99999999999
@read118
TCTATTCCTTC
+
99999999999
@read119
AGTCGTAGAAG
+
99999999999
@read120
GATAGTTTTCT
+
99999999999
@read121
AAGAATCATTC
+
99999999999
@read122
CGGCAAGACCC
+
99999999999
@read123
AAACTCTACTC
+
99999999999
@read124
ATTTCAATTAC
+
99999999999
@read125
AAACCATGAAA
+
99999999999
@read126
CTCGTGATTTG
+
99999999999
@read127
GCCCAGGGGTG
+
99999999999
@read128
TGAATTTAGCA
+
99999999999
@read129
ACTAAATTATT
+
99999999999
@read130
ATTCGTCATAT
+
99999999999
@read131
ATTTTTGTAAG
+
99999999999
@read132
GTTATGTCAAC
+
99999999999
@read133
TATGCGCATTT
+
99999999999
@read134
CTATACTTTCA
+
99999999999
@read135
GATTTGTCACA
+
99999999999
@read136
CCGGGAAAGAA
+
99999999999
@read137
CAGTAAGACAT
+
99999999999
@read138
TTTAGTAAAAA
+
99999999999
@read139
TATATTGAAAA
+
99999999999
@read140
CCGCATAAATG
+
99999999999
@read141
CTAAGCCTAAG
+
99999999999
@read142
CGTTTTTCGGC
+
99999999999
@read143
CATTATCCTTG
+
99999999999
@read144
GCCCTGAAACC
+
99999999999
@read145
ATGAAAACAAT
+
99999999999
@read146
ATTTTAACCGA
+
99999999999
@read147
TTTCAGTGGTT
+
99999999999
@read148
TAAAGGTGCAC
+
99999999999
@read149
TTACGCCAAGA
+
99999999999
@read150
GGTGTGGAAAA
+
99999999999
@read151
ATTCGCGTAGA
+
99999999999
@read152
TAGGCCATCAT
+
99999999999
@read153
GAACCTTCACT
+
99999999999
@read154
GCGTTTTTTAT
+
99999999999
@read155
AGTCAACTCCA
+
99999999999
@read156
AAGTGCCCTAG
+
99999999999
@read157
TTTTTAGCAGT
+
99999999999
@read158
TATAAAAATTG
+
99999999999
@read159
CATAAAAATTT
+
99999999999
@read160
GATTTTTTTGA
+
99999999999
@read161
AAAAAATGTTT
+
99999999999
@read162
CGCGAGGCAGT
+
99999999999
@read163
CACCTCCCGGG
+
99999999999
@read164
TTGTAAAATGA
+
99999999999
@read165
GCTCGCGCGGC
+
99999999999
@read166
TTATGCCTTAT
+
99999999999
@read167
TTTTTTGGAAA
+
99999999999
@read168
TGAATATTTTC
+
99999999999
@read169
ATAAATAAGAC
+
99999999999
@read170
AACGAAAATGT
+
99999999999
@read171
ACTCCTCTGTC
+
99999999999
@read172
CTACGACTTTA
+
99999999999
@read173
AGTTTTCAGAG
+
99999999999
@read174
TTATCCTCAAG
+
99999999999
@read175
GTACTACACGT
+
99999999999
@read176
TATTTTTTCTC
+
99999999999
@read177
ACAAAAATTTA
+
99999999999
@read178
CCCGCGAAGGC
+
99999999999
@read179
ACAGTCAGAAT
+
99999999999
@read180
CCCACTTCTGC
+
99999999999
@read181
AAAATTGAATT
+
99999999999
@read182
GAATACCGACA
+
99999999999
@read183
GAAATCAACCA
+
99999999999
@read184
GGGGCAAAATT
+
99999999999
@read185
CAACATATTTT
+
99999999999
@read186
AAATAATTTTT
+
99999999999
@read187
TACCCAAACAC
+
99999999999
@read188
GAAATTCGTCT
+
99999999999
@read189
AAAAATGCACT
+
99999999999
@read190
GAGCCTTTTGT
+
99999999999
@read191
GATATGTCGGG
+
99999999999
@read192
CTATATTTGGG
+
99999999999
@read193
GGGAAGCGTTC
+
99999999999
@read194
TTCTGCACAAA
+
99999999999
@read195
AAAATGAGAAA
+
99999999999
@read196
ACCGCCTTTTT
+
99999999999
@read197
CCCCAATGATA
+
99999999999
@read198
TTTCAGAAGAG
+
99999999999
@read199
CCGACAAAAGA
+
99999999999
@read200
AACAAAAAGCG
+
99999999999
@read201
TGAAAACATTG
+
99999999999
@read202
TTTTAAACTGT
+
99999999999
@read203
AAAGGAATTTT
+
99999999999
@read204
ACGAAACAACA
+
99999999999
@read205
AGACGGAAACA
+
99999999999
@read206
CCATTGGATGC
+
99999999999
@read207
ACTAAATTATT
+
99999999999
@read208
AACTTGGCAAT
+
99999999999
@read209
CTTTCTCTCCC
+
99999999999
@read210
ACAATTAAGCT
+
99999999999
@read211
AAAATTTTCCC
+
99999999999
@read212
CGTCATCTACT
+
99999999999
@read213
GTTTAGACAAT
+
99999999999
@read214
AAGTAGCCGAA
+
99999999999
@read215
TTTTCGAAACA
+
99999999999
@read216
ATTTTTTATAT
+
99999999999
@read217
AGTATTTGTAT
+
99999999999
@read218
TCATTACAGAA
+
99999999999
@read219
CGTTGACGTCC
+
99999999999
@read220
AAAAAACTAAC
+
99999999999
@read221
GGAGCATATAG
+
99999999999
@read222
TTAAACTAATT
+
99999999999
@read223
ACACGACGGAA
+
99999999999
@read224
TCGGAAAAAGA
+
99999999999
@read225
ATTTCGTATTT
+
99999999999
@read226
TTTTTTTAGAA
+
99999999999
@read227
ATCAGCCGTAA
+
99999999999
@read228
GGATCCGAGTT
+
99999999999
@read229
TTTTGCGCTGA
+
99999999999
@read230
GATCTTTCTTG
+
99999999999
@read231
TCAGAATATAT
+
99999999999
@read232
TTTGTATGATT
+
99999999999
@read233
CAGCTGGTATT
+
99999999999
@read234
TTCTGTGGAAT
+
99999999999
@read235
AAAAATGTACG
+
99999999999
@read236
ATTTTCAACAG
+
99999999999
@read237
AAAGAAATATG
+
99999999999
@read238
GGGAAGCGTTC
+
99999999999
@read239
AAAATATTTTG
+
99999999999
@read240
GAGATCGTATT
+
99999999999
@read241
CTCGGAAAAGG
+
99999999999
@read242
ACGCCCCGCCC
+
99999999999
@read243
TGGTTACAAAA
+
99999999999
@read244
TATGATCATCA
+
99999999999
@read245
AGGCCTAAACA
+
99999999999
@read246
GAAGTACTGTA
+
99999999999
@read247
TTGCAGGAATT
+
99999999999
@read248
CCATTTATACA
+
99999999999
@read249
ATCGAACATTT
+
99999999999
@read250
CGAAATTTTTT
+
99999999999
@read251
TAAAAAACTTT
+
99999999999
@read252
CTGCAAGAATC
+
99999999999
@read253
CAGTTTTCAGT
+
99999999999
@read254
GAGTTTTTTCT
+
99999999999
@read255
TCTTAGGCTTA
+
99999999999
@read256
CCGTTTTTCGG
+
99999999999
@read257
GTCGTGGTTTA
+
99999999999
@read258
GTCCCGTCATC
+
99999999999
@read259
TCGAAAAAGTA
+
99999999999
@read260
GATAAGTTTTT
+
99999999999
@read261
GAACTGTGTGA
+
99999999999
@read262
AACGATCTATC
+
99999999999
@read263
TATTTTTGGTT
+
99999999999
@read264
AAAGTGGCTAG
+
99999999999
@read265
ACCTTCACTCC
+
99999999999
@read266
TTTTCCAAAAT
+
99999999999
@read267
TATTCCTCCGC
+
99999999999
@read268
CTGCACGTTTT
+
99999999999
@read269
TTCGATTTTTA
+
99999999999
@read270
GGGCGCGTGAA
+
99999999999
@read271
GCAGGCAAAAT
+
99999999999
@read272
AGTCGTTACGA
+
99999999999
@read273
TTAGTATTTTC
+
99999999999
@read274
TTATTCATCAT
+
99999999999
@read275
AATTACAGAAA
+
99999999999
@read276
TCAGACCCAAA
+
99999999999
@read277
TTTTTCAGAAT
+
99999999999
@read278
AGACCAAGAAA
+
99999999999
@read279
AAACAGTCAGA
+
99999999999
@read280
TTTTTATGCGC
+
99999999999
@read281
AAGAAAATCGA
+
99999999999
@read282
CAGTTTCTGTG
+
99999999999
@read283
GTT^GCCTAAG
+
99999999999
@read284
CTCATTTTTTC
+
99999999999
@read285
ATGAAAATGAG
+
99999999999
@read286
AAAAATTCTTA
+
99999999999
@read287
TTGAAAATTCG
+
99999999999
@read288
AAGATTCGTCA
+
99999999999
@read289
AGAAAATCGAA
+
99999999999
@read290
TGCCGCGTAGC
+
99999999999
@read291
ATTTTCTAGAC
+
99999999999
@read292
CAATTTTTTAG
+
99999999999
@read293
CCCGCCCACGA
+
99999999999
@read294
TTATACAACAT
+
99999999999
@read295
GCAAGAATCAA
+
99999999999
@read296
TTGAAAATCTG
+
99999999999
@read297
TCGATAATTTT
+
99999999999
@read298
TAAATTTTTTC
+
99999999999
@read299
AAATAAGTATT
+
99999999999
@read300
TTTTCTTGCAA
+
99999999999
@read301
GGTTTCAGTCC
+
99999999999
@read302
ATCCATATCAA
+
99999999999
@read303
TTCCTTCTATT
+
99999999999
@read304
ATTTCGGAATT
+
99999999999
@read305
TGAACACTATT
+
99999999999
@read306
TAAAATAAAGG
+
99999999999
@read307
GTGTGAAGTAT
+
99999999999
@read308
TTGGCAAAAAT
+
99999999999
@read309
ATACAGTGCAT
+
99999999999
@read310
ATAATTTTAAA
+
99999999999
@read311
CTTCGGCCATC
+
99999999999
@read312
CGGTCACGTGA
+
99999999999
@read313
AAATTAAATCT
+
99999999999
@read314
TTGTTTTTTTT
+
99999999999
@read315
ACAATGTCGTC
+
99999999999
@read316
TTCGGTTGAAT
+
99999999999
@read317
AAACGTTTTGA
+
99999999999
@read318
GAATATATTTT
+
99999999999
@read319
TGTCAAAGAAG
+
99999999999
@read320
ATTACAGGTAA
+
99999999999
@read321
TCGATATTCGG
+
99999999999
@read322
ATTACAGATGA
+
99999999999
@read323
TTTTAAATGAA
+
99999999999
@read324
AAGAGATGCTT
+
99999999999
@read325
ATCTATCTACT
+
99999999999
@read326
TCACATTGATA
+
99999999999
@read327
TGTGAAAAATT
+
99999999999
@read328
TTCAAAATCGG
+
99999999999
@read329
GAATCAAGAAA
+
99999999999
@read330
AGCTATTTTCT
+
99999999999
@read331
TTATCCCATAT
+
99999999999
@read332
GGTTACAAAAA
+
99999999999
@read333
TTATGCTATCT
+
99999999999
@read334
TTTTTCTTCAG
+
99999999999
@read335
CCACCACCAGG
+
99999999999
@read336
CTTAGTCTTAG
+
99999999999
@read337
AGGCTTAGGCT
+
99999999999
@read338
GGCAATTTCAA
+
99999999999
@read339
GCTTAGGCTTA
+
99999999999
@read340
AAAAACAATTA
+
99999999999
@read341
TAATAAATAAG
+
99999999999
@read342
TATTCGGAATC
+
99999999999
@read343
AAAAAAACGTT
+
99999999999
@read344
AAAATTACAGT
+
99999999999
@read345
TGGGGGAATCT
+
99999999999
@read346
CCTTTAAACAA
+
99999999999
@read347
TTTTTGGTTGC
+
99999999999
@read348
TCAGTTCAGAC
+
99999999999
@read349
TTTTTCAAATT
+
99999999999
@read350
CTGTGTAAAAT
+
99999999999
@read351
AAGAATTGGTC
+
99999999999
@read352
ACTAACTGATA
+
99999999999
@read353
TTTTATATTAA
+
99999999999
@read354
GCGTTTATCGC
+
99999999999
@read355
TTCTCATTTTT
+
99999999999
@read356
AGTAGTTTCCA
+
99999999999
@read357
CTTTTGCCTCA
+
99999999999
@read358
AAACAAAAAGC
+
99999999999
@read359
CATCAACTCCT
+
99999999999
@read360
CATTTTTATTT
+
99999999999
@read361
ATACTAAGCCT
+
99999999999
@read362
TGCAAGAATCA
+
99999999999
@read363
AGGCTTAGGCT
+
99999999999
@read364
CGGTCACGTGA
+
99999999999
@read365
GACTCAGTTTT
+
99999999999
@read366
TACTGTGCCGG
+
99999999999
@read367
GACAACTTCGT
+
99999999999
@read368
TTTAGAAAAGA
+
99999999999
@read369
CTGCTCGAATT
+
99999999999
@read370
AGGTTGTAAAT
+
99999999999
@read371
AGGATCCTCCG
+
99999999999
@read372
CCCGCTTCGGC
+
99999999999
@read373
TCCTTCGACGA
+
99999999999
@read374
CTGGAGATAGA
+
99999999999
@read375
TATTTATCAAT
+
99999999999
@read376
GTTTCTGTAGC
+
99999999999
@read377
TTACTGACTTT
+
99999999999
@read378
CATCAAAAGAA
+
99999999999
@read379
AAAAAAGTT^G
+
99999999999
@read380
ATTCGTGGATG
+
99999999999
@read381
TCTGAAATTTC
+
99999999999
@read382
TTAAATTTTCA
+
99999999999
@read383
TTTTTATTTGA
+
99999999999
@read384
AAATTTTGAGC
+
99999999999
@read385
GAGCTGAGTTA
+
99999999999
@read386
ATGAAACAGTT
+
99999999999
@read387
TCCAGAAGAAC
+
99999999999
@read388
AATTTTAAAAT
+
99999999999
@read389
ATTTTCAGCCA
+
99999999999
@read390
CGATATTCGGT
+
99999999999
@read391
ATCAGGATGCT
+
99999999999
@read392
TCACATCGATA
+
99999999999
@read393
GAAAACACGAA
+
99999999999
@read394
GAGGACATTAC
+
99999999999
@read395
CTTAGGCTTAG
+
99999999999
@read396
TGCGACATGCT
+
99999999999
@read397
AAAAATTTTTT
+
99999999999
@read398
AGCTTCGGCCA
+
99999999999
@read399
CACTAAAAAAA
+
99999999999
@read400
TCAAAAGAAAA
+
99999999999
@read401
CTACTCCCCCT
+
99999999999
@read402
ATTTTTTCAAA
+
99999999999
@read403
ATTTTAAATGA
+
99999999999
@read404
AATTTTGAAAC
+
99999999999
@read405
TGTACGAAATT
+
99999999999
@read406
CCGGACATAAG
+
99999999999
@read407
GAAAGTAACCC
+
99999999999
@read408
TAAAAAGGAAA
+
99999999999
@read409
AAAACCATGAA
+
99999999999
@read410
TTTCAAAGTTT
+
99999999999
@read411
ACAGTTTTTGG
+
99999999999
@read412
TGTAGTATTTA
+
99999999999
@read413
TCGCCGAATTT
+
99999999999
@read414
ATTTTGAAACT
+
99999999999
@read415
TATGGGAATGA
+
99999999999
@read416
TACAGAAATTA
+
99999999999
@read417
AACTCCTCTGT
+
99999999999
@read418
AAAAAATTTTA
+
99999999999
@read419
ATTTCCAACAA
+
99999999999
@read420
ATGTACGAAAT
+
99999999999
@read421
AGAAAGAATCC
+
99999999999
@read422
CAGGTCGTCGT
+
99999999999
@read423
TCCTTCTATTT
+
99999999999
@read424
AGAAGAGGAAC
+
99999999999
@read425
CGCGTGATCTC
+
99999999999
@read426
GTTGTGTGCGC
+
99999999999
@read427
AAAATTGAAAT
+
99999999999
@read428
ATAGTTTTGCC
+
99999999999
@read429
AGAGGACATTA
+
99999999999
@read430
CCTTTTTTAAA
+
99999999999
@read431
TTGTTTTGAGA
+
99999999999
@read432
TTCGGCCATGG
+
99999999999
@read433
GTTTACGAGCT
+
99999999999
@read434
ATGTCCAGTTG
+
99999999999
@read435
^AAATCCATTG
+
99999999999
@read436
ATTTTTTTTGT
+
99999999999
@read437
TCAAAGAAGCT
+
99999999999
@read438
ATACAGATTTT
+
99999999999
@read439
GGTAGAGTTTT
+
99999999999
@read440
AGCCGAAAGAT
+
99999999999
@read441
AGGCTTAGGCT
+
99999999999
@read442
CCAAAAACTAA
+
99999999999
@read443
CGCCCCGCCCA
+
99999999999
@read444
AATTTATCTCC
+
99999999999
@read445
TTATATCATTA
+
99999999999
@read446
AAAATATACTG
+
99999999999
@read447
TAAAATAGAGG
+
99999999999
@read448
ATATATTTTTC
+
99999999999
@read449
GCATCTGCCAG
+
99999999999
@read450
CATTTTTATTT
+
99999999999
@read451
GACAAAAAGTG
+
99999999999
@read452
AATATGCAACA
+
99999999999
@read453
TATAGAAAAAT
+
99999999999
@read454
CAACTCCTCTG
+
99999999999
@read455
CTACAGGTCGT
+
99999999999
@read456
GATAATTTTAA
+
99999999999
@read457
AAATTTTCCCG
+
99999999999
@read458
GCGCTAAAATT
+
99999999999
@read459
TCATCTACTTT
+
99999999999
@read460
AAAGCATTTCA
+
99999999999
@read461
TTTATTTAACA
+
99999999999
@read462
TCGGAAAATAG
+
99999999999
@read463
TTCCGTCGATC
+
99999999999
@read464
TGGAAGAGGTC
+
99999999999
@read465
AGAAAAGACCA
+
99999999999
@read466
GGCGTTTTATT
+
99999999999
@read467
TTACAAAAATT
+
99999999999
@read468
CCACCACCAGG
+
99999999999
@read469
ATAACAATATT
+
99999999999
@read470
AATTAATTTTA
+
99999999999
@read471
ATTATTGACAT
+
99999999999
@read472
AAGACCAAGAA
+
99999999999
@read473
TCTGGAGATAG
+
99999999999
@read474
AGAATATTCCC
+
99999999999
@read475
GGAAGAGTTTT
+
99999999999
@read476
ACTATTTTTTA
+
99999999999
@read477
CTCGCGCGGCT
+
99999999999
@read478
TCAAAGTTTTT
+
99999999999
@read479
GTCGTAGAAGT
+
99999999999
@read480
ATAGAACGGAT
+
99999999999
@read481
AAAATTCGAAA
+
99999999999
@read482
TCTCGGCGATT
+
99999999999
@read483
ATCATTCTCTG
+
99999999999
@read484
TCTGCTTTGCT
+
99999999999
@read485
GGTCTTGCCGC
+
99999999999
@read486
GTTTAATTTTA
+
99999999999
@read487
GTACGAGGAGA
+
99999999999
@read488
AAATCGAACAT
+
99999999999
@read489
TTTAGAAAAGA
+
99999999999
@read490
TCCTCCGCCTG
+
99999999999
@read491
AAAATCTTCAC
+
99999999999
@read492
AGAATCAAGAA
+
99999999999
@read493
TTTTTTCAAAA
+
99999999999
@read494
TTTTCATTACA
+
99999999999
@read495
TAAGCCTAATA
+
99999999999
@read496
TCCTTCTCTGA
+
99999999999
@read497
TGTGAGATTTT
+
99999999999
@read498
AAAATTTTCCC
+
99999999999
@read499
AAAGAGCGATA
+
99999999999
@read500
TAAAACAGGTT
+
99999999999
@read501
GTAGATTTTTT
+
99999999999
@read502
GGAGGGGGGGG
+
99999999999
@read503
TTCGAAACAAG
+
99999999999
@read504
TTTTTCTTCAG
+
99999999999
@read505
AAAATTTCATA
+
99999999999
@read506
AAAATAACGAA
+
99999999999
@read507
ATTGTTTTCGA
+
99999999999
@read508
TTTTAGAAAAG
+
99999999999
@read509
CGTCTACCTTA
+
99999999999
@read510
TTGCAATTAAA
+
99999999999
@read511
TCAATAAATCG
+
99999999999
@read512
TATTCCTATTT
+
99999999999
@read513
CTCGAAATTTT
+
99999999999
@read514
ATTCATCATTC
+
99999999999
@read515
ACATTTAGCTA
+
99999999999
@read516
CTAGGCCATCA
+
99999999999
@read517
TTTTAAAAAAA
+
99999999999
@read518
TATTCGGTATC
+
99999999999
@read519
TTCATTTTTGA
+
99999999999
@read520
CGGTCACGTGA
+
99999999999
@read521
ATCGCTGTCTG
+
99999999999
@read522
AATTTTGAGCA
+
99999999999
@read523
TATTTAACAGA
+
99999999999
@read524
ATAAAATCAGG
+
99999999999
@read525
TGAATTTTAAT
+
99999999999
@read526
CTGAGTATAAT
+
99999999999
@read527
ACTCAAACCTA
+
99999999999
@read528
TTTTTTTTTGG
+
99999999999
@read529
TTCAAGAATAT
+
99999999999
@read530
TGACGTTTTGC
+
99999999999
@read531
GTGCTTACCGC
+
99999999999
@read532
TTTTTTTAGTT
+
99999999999
@read533
CCGGATATCAA
+
99999999999
@read534
TATACTTTCAA
+
99999999999
@read535
GGGAGCATTTA
+
99999999999
@read536
GACTCAGTTTT
+
99999999999
@read537
TTAAAAACCCG
+
99999999999
@read538
ACCGCGGCGAC
+
99999999999
@read539
AAATACAAACG
+
99999999999
@read540
CAATGTCGTCC
+
99999999999
@read541
GGTTACAAAAA
+
99999999999
@read542
TTGGGTATATT
+
99999999999
@read543
TTGCATTTGCC
+
99999999999
@read544
AGCCTAATACT
+
99999999999
@read545
AGTAATATTGA
+
99999999999
@read546
ATAACGAAAAA
+
99999999999
@read547
ATGGGAAGCGT
+
99999999999
@read548
CACTGATGAGG
+
99999999999
@read549
CAATATTCCTA
+
99999999999
@read550
AACAAGTAAAA
+
99999999999
@read551
TGTTTAGTAAA
+
99999999999
@read552
ATAGATTCTGG
+
99999999999
@read553
GTCAATTCTGC
+
99999999999
@read554
AACAACAAGAA
+
99999999999
@read555
TTCTCATTTTC
+
99999999999
@read556
CATTTCTGTTC
+
99999999999
@read557
AGACCCCAATT
+
99999999999
@read558
ATTCCGTTGAC
+
99999999999
@read559
TTCGATAATTT
+
99999999999
@read560
TGGATGTCCCA
+
99999999999
@read561
TTCGGCCATCC
+
99999999999
@read562
GACTTTAAAGG
+
99999999999
@read563
GTTCAAAAACA
+
99999999999
@read564
TTCTGTTCGAT
+
99999999999
@read565
TCACATGAAGA
+
99999999999
@read566
CGGCCATCCTT
+
99999999999
@read567
AGTTTTTTGCA
+
99999999999
@read568
ACAAAATTTTC
+
99999999999
@read569
CGGCTCATAAA
+
99999999999
@read570
GCTAGGAAAAT
+
99999999999
@read571
GAATCCGCCGA
+
99999999999
@read572
ATATTTCTAGG
+
99999999999
@read573
AATCAAGAATT
+
99999999999
@read574
TTCAGTCCTTC
+
99999999999
@read575
CAGAATTTATA
+
99999999999
@read576
GGATAAATCTC
+
99999999999
@read577
CCAGTGGTAGA
+
99999999999
@read578
AAAAAGCTTCG
+
99999999999
@read579
GAATTTCTCAA
+
99999999999
@read580
GAAACCGTGCC
+
99999999999
@read581
ATTTTATATTA
+
99999999999
@read582
TTAGGCTTAGT
+
99999999999
@read583
AATTTCCAACA
+
99999999999
@read584
TTTTCAGTGGT
+
99999999999
@read585
ATTCCATTAAA
+
99999999999
@read586
TATGTGGTAAT
+
99999999999
@read587
AAAATAAAAGA
+
99999999999
@read588
CAGGTTTCAGT
+
99999999999
@read589
TGTTGTTTTTT
+
99999999999
@read590
AAAATTACAGA
+
99999999999
@read591
TCAAATTTTCA
+
99999999999
@read592
TTAACAGAAAT
+
99999999999
@read593
TCGGATTTTAA
+
99999999999
@read594
AATTTTCATAT
+
99999999999
@read595
AAAATCGGGGT
+
99999999999
@read596
TTTATCCCATA
+
99999999999
@read597
GCCTCATATTT
+
99999999999
@read598
TAAACTGTACA
+
99999999999
@read599
CCATTGGATGC
+
99999999999
@read600
TTTTCTCATTT
+
99999999999
@read601
GGAAATTTTTT
+
99999999999
@read602
CTAAGCCTAAG
+
99999999999
@read603
AAAAAAGCTTC
+
99999999999
@read604
CGTCAGTCTCA
+
99999999999
@read605
TTCACAAATTA
+
99999999999
@read606
GAGCATATATC
+
99999999999
@read607
TTTAAAAATTA
+
99999999999
@read608
ATATCCCATTT
+
99999999999
@read609
CGTTTATTTGA
+
99999999999
@read610
ACCCGCCAAAT
+
99999999999
@read611
TTCGCAGTAAG
+
99999999999
@read612
AAATTTTCCCG
+
99999999999
@read613
GTCTAATTTTC
+
99999999999
@read614
CGGAGCGCGTC
+
99999999999
@read615
TTTTTACTATT
+
99999999999
@read616
AATTTTTGTGA
+
99999999999
@read617
ATTTTTTGGAA
+
99999999999
@read618
CCAGAAGAACT
+
99999999999
@read619
AGGTGTGCGGC
+
99999999999
@read620
AAAATTTTTGC
+
99999999999
@read621
GTAAATTTATT
+
99999999999
@read622
TAACTTTCTCA
+
99999999999
@read623
CAAACGTCTGC
+
99999999999
@read624
AAACAAAAATT
+
99999999999
@read625
GCTTTGTAACA
+
99999999999
@read626
ATATCAACTTT
+
99999999999
@read627
ATCGCAACTTT
+
99999999999
@read628
AATCATTAAAA
+
99999999999
@read629
AAAAATTAATA
+
99999999999
@read630
TTTCGGCGTTT
+
99999999999
@read631
TATTATCCAAA
+
99999999999
@read632
AAGAAGTACTG
+
99999999999
@read633
GTCTGGAGATA
+
99999999999
@read634
ATGCCCTGAAA
+
99999999999
@read635
CGCCCCGCCCA
+
99999999999
@read636
GCCTAAGCCTA
+
99999999999
@read637
GACAATTTTTG
+
99999999999
@read638
TGCGGGTTTAC
+
99999999999
@read639
AAAGGTGCACG
+
99999999999
@read640
TTTCTGTGGAA
+
99999999999
@read641
TTCGGTATCAG
+
99999999999
@read642
ATTTTTTCCTA
+
99999999999
@read643
GCGAAATTTCG
+
99999999999
@read644
TTGTGTGCGCC
+
99999999999
@read645
ATATCATCTAA
+
99999999999
@read646
AAAAATCGATG
+
99999999999
@read647
AATCAATGTTT
+
99999999999
@read648
TTTACTATTTT
+
99999999999
@read649
ATTTGCCGTTT
+
99999999999
@read650
CTTCGAATCCG
+
99999999999
@read651
AAAATATAATT
+
99999999999
@read652
TCATTTTTTCT
+
99999999999
@read653
CCACGAAAGTA
+
99999999999
@read654
GAAAATGTTTC
+
99999999999
@read655
TAGGGAAATGA
+
99999999999
@read656
AGGGTCTATAG
+
99999999999
@read657
ATAGAATTTAC
+
99999999999
@read658
GCCTTGTTATG
+
99999999999
@read659
TTGTTTTTGGT
+
99999999999
@read660
AGGACAATTTT
+
99999999999
@read661
TAGGAATAACT
+
99999999999
@read662
TCCGGAGCGCG
+
99999999999
@read663
ATGTTTAGTAA
+
99999999999
@read664
AGAATCGGCGA
+
99999999999
@read665
TTAATCTCATA
+
99999999999
@read666
GAAGAGCTTTT
+
99999999999
@read667
TCAACTCCAAA
+
99999999999
@read668
ATTTTCCCGGC
+
99999999999
@read669
ATCAGGTGACC
+
99999999999
@read670
AATTAAGCTGG
+
99999999999
@read671
GAAATTTCGAG
+
99999999999
@read672
CAAATTATATA
+
99999999999
@read673
GTGTGTTGAGG
+
99999999999
@read674
CAGCCTTGTTA
+
99999999999
@read675
ATGCGCCCCCC
+
99999999999
@read676
CTTTTAGCCTT
+
99999999999
@read677
TGATTGAAAAA
+
99999999999
@read678
AGGCTTAGTCT
+
99999999999
@read679
GAATTTTTATT
+
99999999999
@read680
AGTAACCCGAA
+
99999999999
@read681
AGGCATGACGT
+
99999999999
@read682
TTTGCCTCATA
+
99999999999
@read683
TGTTTCCGCAT
+
99999999999
@read684
CGTTTTTTATG
+
99999999999
@read685
GCATCGAAAAT
+
99999999999
@read686
GTGTCGTGGTT
+
99999999999
@read687
AATTACAGGTA
+
99999999999
@read688
TTTCGGGAAAA
+
99999999999
@read689
TTTCAAGTCTA
+
99999999999
@read690
CTGATTTTAAA
+
99999999999
@read691
TCTTTGTTTTT
+
99999999999
@read692
CCTTTAAAGTC
+
99999999999
@read693
TAGCAAAAAAT
+
99999999999
@read694
CATATTTCAAG
+
99999999999
@read695
TCAAAAAACCC
+
99999999999
@read696
TTTTTCGATTT
+
99999999999
@read697
AAATTGTAATT
+
99999999999
@read698
GGAGCATATAG
+
99999999999
@read699
CGGCTCCAGTA
+
99999999999
@read700
ATTTTTGTAAG
+
99999999999
@read701
TTTCAAAGTTT
+
99999999999
@read702
TGAGAAAAAAG
+
99999999999
@read703
GAAATAACAAT
+
99999999999
@read704
CTCATCAGCCG
+
99999999999
@read705
CTAAAATTTCG
+
99999999999
@read706
CTTAAAAAATA
+
99999999999
@read707
AGCAGTTTCTG
+
99999999999
@read708
ATGAATTTTAA
+
99999999999
@read709
TCAGTTTTTTC
+
99999999999
@read710
AATTTCTGTTT
+
99999999999
@read711
TTTATTTATGA
+
99999999999
@read712
AAATGTAGTAT
+
99999999999
@read713
TATCAACTTTC
+
99999999999
@read714
AAAATAATTAA
+
99999999999
@read715
AGAAGTATTAT
+
99999999999
@read716
CAGTAGTTTCC
+
99999999999
@read717
ACGAAAGTAAC
+
99999999999
@read718
ATATAAACGAT
+
99999999999
@read719
TTTCAGAATTT
+
99999999999
@read720
TTGCTTAACAT
+
99999999999
@read721
CGCGAGGCAGT
+
99999999999
@read722
TAGTAAAAAAT
+
99999999999
@read723
TCTTAAAAATA
+
99999999999
@read724
ATATCAATTTG
+
99999999999
@read725
AACCAGCACCT
+
99999999999
@read726
CGCGTGATCTC
+
99999999999
@read727
TACAGATTTTC
+
99999999999
@read728
CTTCTCGCTCA
+
99999999999
@read729
AACAATATTCC
+
99999999999
@read730
AATTTAAGTAA
+
99999999999
@read731
AGGCTTAGGCT
+
99999999999
@read732
CTCTTATTTAC
+
99999999999
@read733
TCCTCGACGAC
+
99999999999
@read734
AATTCTGAAAT
+
99999999999
@read735
CTGCACAAAGT
+
99999999999
@read736
TGTTTTGTGGT
+
99999999999
@read737
GAACGAACTAT
+
99999999999
@read738
TCCTCGTCTCC
+
99999999999
@read739
AAAAGTGCCCT
+
99999999999
@read740
GTTTACGAGCT
+
99999999999
@read741
AATTTTTTTAA
+
99999999999
@read742
AGTTTCGTCAG
+
99999999999
@read743
ACTGATGAGGG
+
99999999999
@read744
CCCGCTCCGCA
+
99999999999
@read745
AACAAATCATT
+
99999999999
@read746
CAGGCAAAATT
+
99999999999
@read747
TCTTGCAAATT
+
99999999999
@read748
GTGGAATTTTC
+
99999999999
@read749
CGGGAAAGAAG
+
99999999999
@read750
CGAAAACTACC
+
99999999999
@read751
GGATGTCCCAA
+
99999999999
@read752
GTTTACGAGCT
+
99999999999
@read753
CGAATACCAAT
+
99999999999
@read754
GCAACAACTTT
+
99999999999
@read755
TCCCTGATTTT
+
99999999999
@read756
CTCTAGGGGCT
+
99999999999
@read757
TATCAGGGGCA
+
99999999999
@read758
AATATTTTTTT
+
99999999999
@read759
TTTAAACTGTA
+
99999999999
@read760
ACAGTTTTTAA
+
99999999999
@read761
TCTTCCAGCTG
+
99999999999
@read762
GAACCCCCCAA
+
99999999999
@read763
GTGTGCGCCGC
+
99999999999
@read764
AGGATCAGACC
+
99999999999
@read765
GAATATATTTT
+
99999999999
@read766
CTTAGGCTTAG
+
99999999999
@read767
CCTCTATATTA
+
99999999999
@read768
GAAAAATCGAT
+
99999999999
@read769
GTCATCCACGA
+
99999999999
@read770
ACTGTGCCGGC
+
99999999999
@read771
TAAGCCTAAGC
+
99999999999
@read772
GAGATCGTATT
+
99999999999
@read773
TTGAAAATCCG
+
99999999999
@read774
AAAATATTTAT
+
99999999999
@read775
TCAACAAGATT
+
99999999999
@read776
TATTTATGTTC
+
99999999999
@read777
TATGTCAACCA
+
99999999999
@read778
GACACCTCCCG
+
99999999999
@read779
TTTGGTGTTTT
+
99999999999
@read780
TAAAATTTCAT
+
99999999999
@read781
CGGTAATTGGG
+
99999999999
@read782
GTTTTCAGTGC
+
99999999999
@read783
TTTTCAACAGA
+
99999999999
@read784
TCTTTTAGGCT
+
99999999999
@read785
TGGGCAGACAA
+
99999999999
@read786
AAATCGATATT
+
99999999999
@read787
TTCCAAAATCC
+
99999999999
@read788
TTTATGTTCTC
+
99999999999
@read789
ATTTCTGCAAG
+
99999999999
@read790
GATATCATGAA
+
99999999999
@read791
AAAAATTCTAA
+
99999999999
@read792
GGCATCCAATG
+
99999999999
@read793
AGACGCCCCGC
+
99999999999
@read794
TTTTTGAGAAG
+
99999999999
@read795
GGAAAATAAAT
+
99999999999
@read796
CTTACTGTGCC
+
99999999999
@read797
TGCAGGAATTT
+
99999999999
@read798
GAGGTGTGCGG
+
99999999999
@read799
GCCAGAAAATT
+
99999999999
@read800
TCCGGAGCGCG
+
99999999999
@read801
AAAAAATTCCC
+
99999999999
@read802
GCGCGTCGAAT
+
99999999999
@read803
AATTTGCCGGT
+
99999999999
@read804
AAACAAAAACA
+
99999999999
@read805
CTTCTATTTTT
+
99999999999
@read806
GGTTTACGAGC
+
99999999999
@read807
TTCTCATTTTC
+
99999999999
@read808
GGAAATCGCAC
+
99999999999
@read809
TTTTTACTGGA
+
99999999999
@read810
GGCAAAATTAG
+
99999999999
@read811
TCTACTCCCCC
+
99999999999
@read812
CTTCAATGCAT
+
99999999999
@read813
GATTTACAAAC
+
99999999999
@read814
CCGAATGTTCC
+
99999999999
@read815
AACCGTGCCG^
+
99999999999
@read816
TCGATATTTAA
+
99999999999
@read817
TTATTGATGTC
+
99999999999
@read818
CTCATCAGCCG
+
99999999999
@read819
TTTTTAAACGC
+
99999999999
@read820
TTACTGAAAAA
+
99999999999
@read821
GCTGAATATTT
+
99999999999
@read822
CAAATGCGAAC
+
99999999999
@read823
GAAAAATTGGC
+
99999999999
@read824
ACTGTCCAAAA
+
99999999999
@read825
TGGCTCGCGCG
+
99999999999
@read826
TTTTCCTGAAA
+
99999999999
@read827
AGAATTCTGCA
+
99999999999
@read828
AAATAATTTTT
+
99999999999
@read829
CAGGACGACCA
+
99999999999
@read830
AAAATTTCCCT
+
99999999999
@read831
AAAATTACAGT
+
99999999999
@read832
TGCCGGCTGGC
+
99999999999
@read833
TTTTTCGGGTT
+
99999999999
@read834
CCTAATACTAA
+
99999999999
@read835
CTTGCCGCGCA
+
99999999999
@read836
TCAGTTTTTTC
+
99999999999
@read837
TTAGGCTTAGT
+
99999999999
@read838
AAAAGTAAAAT
+
99999999999
@read839
ATTCGAGGTGG
+
99999999999
@read840
ATAGCAAACCT
+
99999999999
@read841
TGTTTTTAAAT
+
99999999999
@read842
TAATTTTTAAA
+
99999999999
@read843
GAAAATTAAAT
+
99999999999
@read844
AGAAAAGACCA
+
99999999999
@read845
GTAGAGTTTTT
+
99999999999
@read846
CGACATGCTAC
+
99999999999
@read847
ATAGTTGAAAA
+
99999999999
@read848
CTGCTCGAATT
+
99999999999
@read849
GATTATTGACA
+
99999999999
@read850
ATTTTGAATAA
+
99999999999
@read851
GTAGCTACGAT
+
99999999999
@read852
TTTTGTGGGGG
+
99999999999
@read853
GGCTAAAAAAC
+
99999999999
@read854
TGTGAAAAATT
+
99999999999
@read855
TCGACCATGAG
+
99999999999
@read856
AACACAGGAGC
+
99999999999
@read857
ATTCGTCGTAA
+
99999999999
@read858
TTTTCCTTCTA
+
99999999999
@read859
AAGAAAACAAG
+
99999999999
@read860
TGCCGGATATC
+
99999999999
@read861
ATTTGGCGTTT
+
99999999999
@read862
GTATAGCCCCC
+
99999999999
@read863
TTCTAGGCCAT
+
99999999999
@read864
ATGACTATGTG
+
99999999999
@read865
AGGACAATTTT
+
99999999999
@read866
TTTCTCTTTTT
+
99999999999
@read867
ATTTTAAATGA
+
99999999999
@read868
TGAAAAAGTAA
+
99999999999
@read869
CCCCGCCCACG
+
99999999999
@read870
ACGTAGACGCA
+
99999999999
@read871
AATCATTCTCT
+
99999999999
@read872
GTCGTTCGGGC
+
99999999999
@read873
CACAATACATC
+
99999999999
@read874
GTATAAATAAA
+
99999999999
@read875
TCCAAATCCTG
+
99999999999
@read876
GGTTTGAAAAC
+
99999999999
@read877
AAAATTTGTTT
+
99999999999
@read878
GTCGAATCAAT
+
99999999999
@read879
TTTTCCTTCTA
+
99999999999
@read880
CTTCACTAAAA
+
99999999999
@read881
TATACAGTTTT
+
99999999999
@read882
TAATTTTTTCA
+
99999999999
@read883
AAATAAATACA
+
99999999999
@read884
AACACATTTTT
+
99999999999
@read885
CCCGCTCCGCA
+
99999999999
@read886
TCCTTGAGCAC
+
99999999999
@read887
GAACCGTTTTT
+
99999999999
@read888
TTTCTGTGGAA
+
99999999999
@read889
TTCACCATACA
+
99999999999
@read890
AGGATCCGAGT
+
99999999999
@read891
AATTTTGAAAA
+
99999999999
@read892
TTCACACTTGG
+
99999999999
@read893
CGCTTTTCAGC
+
99999999999
@read894
CGACCAAACAT
+
99999999999
@read895
GATTCTGGAAA
+
99999999999
@read896
TTGAAAACATT
+
99999999999
@read897
TAGTGCACATC
+
99999999999
@read898
TAGGCTTAGTC
+
99999999999
@read899
CAAAATTCAGC
+
99999999999
@read900
ACAGAAATCAC
+
99999999999
@read901
GCTATCTAGTG
+
99999999999
@read902
TCCATTGGATG
+
99999999999
@read903
GCTATCTAGAA
+
99999999999
@read904
AAACGGGCGTG
+
99999999999
@read905
AATTTACCTTT
+
99999999999
@read906
TTGACGTCCTG
+
99999999999
@read907
AAAAAACTATG
+
99999999999
@read908
ACAACCGTTTC
+
99999999999
@read909
TGACCCGAATA
+
99999999999
@read910
AAAAGTTCTGC
+
99999999999
@read911
ATAACAATATT
+
99999999999
@read912
TTGTTATTAAT
+
99999999999
@read913
TTTAATTTTAA
+
99999999999
@read914
GTCTACCTTAA
+
99999999999
@read915
TACCGATTTTA
+
99999999999
@read916
GAAAAATTGGC
+
99999999999
@read917
ACAGGACGACC
+
99999999999
@read918
AAAGTTTCGGC
+
99999999999
@read919
CGAGCTTCGAT
+
99999999999
@read920
TTTTCCCGCCA
+
99999999999
@read921
TTTGGCGTTTT
+
99999999999
@read922
TTTTGCAAAAA
+
99999999999
@read923
TCAGTCAACTC
+
99999999999
@read924
CAGGCTCCACA
+
99999999999
@read925
T^GCCTAAGCC
+
99999999999
@read926
AAAACTTTCAT
+
99999999999
@read927
AAACACATTTT
+
99999999999
@read928
TATGCCTTATG
+
99999999999
@read929
CCTATATGTGA
+
99999999999
@read930
TTCATTTCTGT
+
99999999999
@read931
TGGAAAAGTTT
+
99999999999
@read932
AAGAGATGCTT
+
99999999999
@read933
AGCACACCGAT
+
99999999999
@read934
TTTAAATAAAA
+
99999999999
@read935
TGTCTGTTGTG
+
99999999999
@read936
GCGATTTTCGC
+
99999999999
@read937
TTGGCAATTAT
+
99999999999
@read938
TTCTCATTTTC
+
99999999999
@read939
AAAATTTATAC
+
99999999999
@read940
AT