@read1
GTGCTCAAGGATAATGTGACAAATCACGAGA
+
9999999999999999999999999999999
@read2
GTAGAACATCAAAAAAATCAGCGGCATGACG
+
9999999999999999999999999999999
@read3
ATAGCCAATTTCAAGTCTAAAGTCATATAGG
+
9999999999999999999999999999999
@read4
CAGAGAAGGAGTGAAGGTTCGGAATTTTTCT
+
9999999999999999999999999999999
@read5
TTTATTTTGCCAAAAATTTCAATGTTTTCAC
+
9999999999999999999999999999999
@read6
CGTTTCTGTAGCTACGATATTCATTTCAAAA
+
9999999999999999999999999999999
@read7
TATTTTACAAATACTAAAAGAAGTCTATAAT
+
9999999999999999999999999999999
@read8
GCTATTACGTAAAAATATACTGATTCGGAAA
+
9999999999999999999999999999999
@read9
GATTTTTATTGCATTTCACGAATTTGGCAGG
+
9999999999999999999999999999999
@read10
TATAGGCATCCAATGGATTTTCGGATTTTCA
+
9999999999999999999999999999999
@read11
TTCAAAATTGGTCAATAATCGCTGAAAAGCG
+
9999999999999999999999999999999
@read12
AGTCAATTTCGTACATTTTTTCCGATTAAAA
+
9999999999999999999999999999999
@read13
AAGACACACGCCCGTTTGTATTTCACAAAAA
+
9999999999999999999999999999999
@read14
CTGGTGGATGTATTGTGCTCAAGGATAATGT
+
9999999999999999999999999999999
@read15
AAACAAAAACAATTCCATTAAATATCCCATT
+
9999999999999999999999999999999
@read16
TAAAAATATACTGATTCGGAAATCGCACTGA
+
9999999999999999999999999999999
@read17
AATTGCCGGTCACCCCTGGGCCAACTTTGAA
+
9999999999999999999999999999999
@read18
CGATATTCGGTATCAGGGGCAAAACGGCACG
+
9999999999999999999999999999999
@read19
CGACGGAACCCGGGAGGTGTCGGTCGCCGCG
+
9999999999999999999999999999999
@read20
ATAGACCCTATTTATTTTCCTGATTCCGAAT
+
9999999999999999999999999999999
@read21
ATACTAAAAGAAGTCTATAATATGTCAATAA
+
9999999999999999999999999999999
@read22
ATAGTTTTGCCAAAAACTAAAAACAATTATA
+
9999999999999999999999999999999
@read23
AAATTAGACAGAATCTCTGCCTGGACGATTT
+
9999999999999999999999999999999
@read24
AGGACGTCAACGGAATGCTCGGCGGATTCGA
+
9999999999999999999999999999999
@read25
GAACATATAGGGGTTTTCAAACCCCGATTTT
+
9999999999999999999999999999999
@read26
CCTAATACTAAGCCTAAGCCTAAGACTAAGC
+
9999999999999999999999999999999
@read27
GGCTTAGTCTTAGGCTTAGGCTTAGTGCTTA
+
9999999999999999999999999999999
@read28
AAGTTTGTAAATCTGGTGTAAAAACTCGGAT
+
9999999999999999999999999999999
@read29
AAAAACGGTTCAAATTCACAAATTTTAGCCA
+
9999999999999999999999999999999
@read30
ATTAGCGAATTTTCAACAAATTCGACAAAAA
+
9999999999999999999999999999999
@read31
CATTTTTTCTCTTTTTTTTGGTGTTTTTTAT
+
9999999999999999999999999999999
@read32
TTTATTAATAAAAACAAAAACAATTCCATTA
+
9999999999999999999999999999999
@read33
CCTGATGGCCTAGGAAAAGCTCTTCCACTGA
+
9999999999999999999999999999999
@read34
CAGAAAAAAAAATATTTTCGATGCTCCGGTT
+
9999999999999999999999999999999
@read35
AAAACAATCAAAATATAAAAAATAGTTCGTT
+
9999999999999999999999999999999
@read36
AACTTATGTCCGGTCATTTCCCTAATTTTCA
+
9999999999999999999999999999999
@read37
TTAGGCTTAGGCTTAGGCTTAGGCTCTTAGG
+
9999999999999999999999999999999
@read38
CAGGGAAATTTTTTAAATCCATTGGATGCCT
+
9999999999999999999999999999999
@read39
GAACTTTTTTTGCAAAAAACTTATCATTGGG
+
9999999999999999999999999999999
@read40
TCTAAAGTCATATAGGCAAATACTTATTGAT
+
9999999999999999999999999999999
@read41
CATCCTGATGGCCTAGGAAAAGCTCTTCCAC
+
9999999999999999999999999999999
@read42
ACAATTAATTTGTGAAAAAGCAACAGAAATA
+
9999999999999999999999999999999
@read43
AAAATTAGACAGAATCTCTGCCTGGACGATT
+
9999999999999999999999999999999
@read44
ATTTCGAGAAATTCAAAAATCGAACAGAAAT
+
9999999999999999999999999999999
@read45
AACCACGACACGGCTAACAAATTTGCATGAA
+
9999999999999999999999999999999
@read46
GGTAATACCGGTCGCCAACCGCCGCAGTTGA
+
9999999999999999999999999999999
@read47
ATTTTTTAAATCCATTGGATGCCTATATGTG
+
9999999999999999999999999999999
@read48
CACAACCGTTTCTGTAGCTACGATATTCATT
+
9999999999999999999999999999999
@read49
TTTTCTAAAAAAATCTACATATTTCAGATCT
+
9999999999999999999999999999999
@read50
TTTGGGTCTGATCCTCTATTTTACAAATACT
+
9999999999999999999999999999999
@read51
GAAGAGTGTACTACCGTTTCTGTAGCTACCA
+
9999999999999999999999999999999
@read52
AATGTTATTTTAAAAATTATTTTAAAAAATT
+
9999999999999999999999999999999
@read53
GGGGTTTTCAAACCCCGATTTTGAAAGTATA
+
9999999999999999999999999999999
@read54
TCAGGGCATTTGGTTGATGAGGATTTGGTTG
+
9999999999999999999999999999999
@read55
AGTAAATTCTATAAAAATATCTGAAGAAAAC
+
9999999999999999999999999999999
@read56
AAAATATACTGATTCGGAAATCGCACTGATG
+
9999999999999999999999999999999
@read57
GTTCTACAATCATACAAACATTTAATTTTCA
+
9999999999999999999999999999999
@read58
TCTTCTTTTGTCGGTATTCGGGTTACTTTCG
+
9999999999999999999999999999999
@read59
GGTGGATGTATTGTGCTCAAGGATAATGTGA
+
9999999999999999999999999999999
@read60
AATCTACATATTTCAGATCTCTTCCTCCTTT
+
9999999999999999999999999999999
@read61
GATATCTTCTCACCTGAAAACTAGGTGAATT
+
9999999999999999999999999999999
@read62
CATTTAAAATTGTTGTTTCGTCTCGAAATTT
+
9999999999999999999999999999999
@read63
AAAAAACTTATCATTGGGGGGTTCTGAGAAA
+
9999999999999999999999999999999
@read64
TTGTTAAAGGGGGAGTAGAGTTTGTGGGGAA
+
9999999999999999999999999999999
@read65
TAAATTTTTTCACATCGATATTCGGTATCAG
+
9999999999999999999999999999999
@read66
CTAAGCCTAATACTAAGCGCTTAGGCTTAGT
+
9999999999999999999999999999999
@read67
TTTACAACCATTTATACAACATGTGACGTAG
+
9999999999999999999999999999999
@read68
CTTAGTCTTAGGCTTAGGCTTAGTGCTTAGT
+
9999999999999999999999999999999
@read69
TGTGTTTGGGTAGGCCTAATGAGGTCACCTG
+
9999999999999999999999999999999
@read70
ATTTTTATGAGATTAACATTCGGTCGAACAT
+
9999999999999999999999999999999
@read71
CTTTGAATTTTATAAATATTTTCCAGAATCT
+
9999999999999999999999999999999
@read72
ACAGAAATACGAAATATGGGATAAATATTTT
+
9999999999999999999999999999999
@read73
TCTGCCTGGACGATTTCTAGGCTACGCCGTC
+
9999999999999999999999999999999
@read74
TCGGTATTCGGGTTACTTTCGTGGATGACTG
+
9999999999999999999999999999999
@read75
TGCACCGCCCGAACGACGTTATGATTTGATA
+
9999999999999999999999999999999
@read76
TGCGTTTAAAAACTCACATATAGGCATCCAA
+
9999999999999999999999999999999
@read77
TGATGGCCTAGGAAAAGCTCTTCCACTGAAA
+
9999999999999999999999999999999
@read78
ACAACCATTTATACAACATGTGACGTAGACG
+
9999999999999999999999999999999
@read79
AAAAAACAATATTCAACCGAAAAAACTGAGT
+
9999999999999999999999999999999
@read80
TTTTTTGTTGAAAAGTGATTTATTTAAAGAG
+
9999999999999999999999999999999
@read81
TTCTATAGACCCTATTTATTTTCCTGATTCC
+
9999999999999999999999999999999
@read82
TTTTGGAAAACTTTTCCACACCTCGTAACGA
+
9999999999999999999999999999999
@read83
CTTGTTATGTCAACCACTTTTTATACAAATT
+
9999999999999999999999999999999
@read84
TTTGGCCAAGTTATTCAAACACGTATAAATA
+
9999999999999999999999999999999
@read85
GATTGTTTCCGCATATTGTTTACAACCATTT
+
9999999999999999999999999999999
@read86
TTAGGCTTAGGCTTAGTAAACTTTTTTATTT
+
9999999999999999999999999999999
@read87
CGCCCGTTTGTATTTCACAAAAATTGTCGTG
+
9999999999999999999999999999999
@read88
CCGTTTCTGTAGCTACCATATTCTTTTAGGC
+
9999999999999999999999999999999
@read89
TGCCAATTTTTCAGTAATTTCTGGTCTTTTC
+
9999999999999999999999999999999
@read90
AATTCCTGCAAATTGATATCCGGCAAACGGA
+
9999999999999999999999999999999
@read91
TGAAATTGCCGGTCACCCCTGGGCCAACTTT
+
9999999999999999999999999999999
@read92
CAAAAATTGTCGTGTCGAGACCCCACTTACT
+
9999999999999999999999999999999
@read93
GGCATTAAGGTAGACGACAGAGTTCTTCTGG
+
9999999999999999999999999999999
@read94
TCTATAGACCCTATTTATTTTCCTGATTCCG
+
9999999999999999999999999999999
@read95
TGGGCAGACAAAAAGTGCCCTAGCTATAAAA
+
9999999999999999999999999999999
@read96
TCGCGGGCTGAATTTTGGGTCTGATCCTCTA
+
9999999999999999999999999999999
@read97
TGAAAACAATTTTGAAAAAGTAAAATGTTTT
+
9999999999999999999999999999999
@read98
GAAATAGACGAATTTCTGAGAAAGTTATGAG
+
9999999999999999999999999999999
@read99
TCTAAACTCACAGTATATTAGCGAATTTTCA
+
9999999999999999999999999999999
@read100
TACGCCGTCATTCCCATAGTTTTCATAATCT
+
9999999999999999999999999999999
@read101
TAGGCTACGCGGCAATTTCTGACCTTTTAGA
+
9999999999999999999999999999999
@read102
TTGCTATGAAAAATTCAATTAAATCTTTTTC
+
9999999999999999999999999999999
@read103
ATAATTCAATTTTTTTAAAATTAATTTTCAT
+
9999999999999999999999999999999
@read104
GAGGAGTTGATGAGAACTCTAATCCATTCTC
+
9999999999999999999999999999999
@read105
CAATTCCATTAAATATCCCATTTTCAGCGCA
+
9999999999999999999999999999999
@read106
CGCCGCAGTTGAAAATTAGACAGAGGAGTTG
+
9999999999999999999999999999999
@read107
AAAAATTCTGACTGTTTTCTAGAAAAAAAAA
+
9999999999999999999999999999999
@read108
TTTGTTTTCAGAGAATGATTCTTTCTTGTTG
+
9999999999999999999999999999999
@read109
ATGGGAAATGCGCATAAAAAGGCGGTGAAAG
+
9999999999999999999999999999999
@read110
TTCAAACGACAATTTTTGTCGCTTACAAAAA
+
9999999999999999999999999999999
@read111
TCCGAGTTTTTTCGTTATTTTTTCTAAACTC
+
9999999999999999999999999999999
@read112
GAATTTTTCTATAGACCCTATTTATTTTCCT
+
9999999999999999999999999999999
@read113
TTTGATTTTATACCGATTTTCGTCGATTTTT
+
9999999999999999999999999999999
@read114
GAGCTGAATATTTTCCTTCTATAGACGCCCC
+
9999999999999999999999999999999
@read115
ACAATGAACACTATTATAACATTTTCAGAAA
+
9999999999999999999999999999999
@read116
TCAGTTTGCCTGAATTGAAAATTAAATTTAA
+
9999999999999999999999999999999
@read117
GAAAAGCAAGAAAGATCGGTTTAAAAAATTA
+
9999999999999999999999999999999
@read118
GTGAGAATTTCTTATGGCAAATATTATTTAA
+
9999999999999999999999999999999
@read119
TTTTCAACAAATTCGACAAAAAATTCTGACT
+
9999999999999999999999999999999
@read120
TGATTTCTTTAAAAGATGTGCGGTAAGCACT
+
9999999999999999999999999999999
@read121
AAACCTGACAGAAAGAATTGGTCCCGTCATC
+
9999999999999999999999999999999
@read122
TTTGCTATGAAAAATTCAATTAAATCTTTTT
+
9999999999999999999999999999999
@read123
TTTTCAAACGCAAAATTTTCCCGCCAGAGAC
+
9999999999999999999999999999999
@read124
GTTATCAAATCTCAATAGCGAAAGGGTTCTA
+
9999999999999999999999999999999
@read125
TCATCTGTAATGTCCTCTATTTTTTCCCGAC
+
9999999999999999999999999999999
@read126
GTCTCAAAACAATGTTTTCAACTATTCTCTT
+
9999999999999999999999999999999
@read127
GTTTTCCAATTTTCTAGGCTACGCGGCAATT
+
9999999999999999999999999999999
@read128
AAATTCAATTAAATCTTTTTCCGAGTCTTCT
+
9999999999999999999999999999999
@read129
TTATAACATTTTCAGAAAATGTAGTATTTAA
+
9999999999999999999999999999999
@read130
TTTTTAACAAAGTCTGCTCAAAATTCGCGGA
+
9999999999999999999999999999999
@read131
GTTTTTTCGTTATTTTTTCTAAACTCACAGT
+
9999999999999999999999999999999
@read132
ATTGCCTGTAGCCTCTATATTATGCCTTATG
+
9999999999999999999999999999999
@read133
GTATTTCACAAAAATTGTCGTGTCGAGACCC
+
9999999999999999999999999999999
@read134
AAATAAACGAATGTCGTAATAATACTTCTCA
+
9999999999999999999999999999999
@read135
GAAATATGAGGCAAAAGTTGCGATTTTTTTG
+
9999999999999999999999999999999
@read136
CCGCCGCAGTTGAAAATTAGACAGAGGAGTT
+
9999999999999999999999999999999
@read137
TCGGATTTTCAAAATTAATATAAAATCAGGG
+
9999999999999999999999999999999
@read138
CTGGAAACTACTGCCTCGCGCTGACGTCATG
+
9999999999999999999999999999999
@read139
AAATTTTATTCAAAATTGGTCAATAATCGCT
+
9999999999999999999999999999999
@read140
CGGTGAAAGGCTAAAAGTTTGTAAATCTGGT
+
9999999999999999999999999999999
@read141
GGCTTAGTATTAGGCTTAGGCTTAGGCTTAG
+
9999999999999999999999999999999
@read142
ACTAAAAAAAAAATTTTTAAGTCTCAAAACA
+
9999999999999999999999999999999
@read143
CCTATTTATTTTCCTGATTCCGAATATCAAT
+
9999999999999999999999999999999
@read144
GGGCGTCTCTGCCGGGAAAATTTTGCGTTTA
+
9999999999999999999999999999999
@read145
TTTTCATTTTCAGAAAGGACTGAAACCTGGT
+
9999999999999999999999999999999
@read146
TGACCACAAAACAGAAATTGAAATTTTTCGA
+
9999999999999999999999999999999
@read147
AATTGCCGGTCACCCCTGGGCCAACTTTGAA
+
9999999999999999999999999999999
@read148
GTTCAGAACCAGCTTAATTGTGAAATGTTTT
+
9999999999999999999999999999999
@read149
CTGAAAAAGGACATATTTCTTTTATTTTGCC
+
9999999999999999999999999999999
@read150
CGTTTCCTGGAAAAGTGAGAATTTCTTATGG
+
9999999999999999999999999999999
@read151
AACAAGAAAAACAAACTTTCAGATGAGTGCA
+
9999999999999999999999999999999
@read152
GCCGGGAAAATTTTGCGTTTAAAAACTCACA
+
9999999999999999999999999999999
@read153
TTTCCTTCTATAGACGCCCCGCCCACGAAAC
+
9999999999999999999999999999999
@read154
TTTTCACATTAAAAAGTCAATTTCGTACATT
+
9999999999999999999999999999999
@read155
TCAAACGACAATTTTTGTCGCTTACAAAAAT
+
9999999999999999999999999999999
@read156
ACCCTATTTATTTTCCTGATTCCGAATATCA
+
9999999999999999999999999999999
@read157
CCATTTTCACGTGACCGAAAATTTTGTAAGA
+
9999999999999999999999999999999
@read158
ACATTACCACATATGACGAATCTTCCGCTTG
+
9999999999999999999999999999999
@read159
TTTTTTCCCGACTATTTTCCGACCAAAATCA
+
9999999999999999999999999999999
@read160
GATAAATTCGTCGAAGGACTGCAGACGTTTG
+
9999999999999999999999999999999
@read161
AGCACTGCAAACCGGATTCCCAAAGGAGATT
+
9999999999999999999999999999999
@read162
TATTTCTCTCATGGTCGAAGATTTTCAAAAC
+
9999999999999999999999999999999
@read163
GAGGAATACTGGAGCCGCGCGAGCCAGGACG
+
9999999999999999999999999999999
@read164
AAAAATTTTTGCAAGAATCAAGAAACAAAAA
+
9999999999999999999999999999999
@read165
ATCGTTTATATTGGGACATCCAGAAAACTAT
+
9999999999999999999999999999999
@read166
AAAGAATACTGTAATTTCAAACTATTGTCTC
+
9999999999999999999999999999999
@read167
GAAAATTGATAAATATTATTAATGATATAAT
+
9999999999999999999999999999999
@read168
ATAAAAAGGCGGTGAAAGGCTAAAAGTTTGT
+
9999999999999999999999999999999
@read169
AGAGGTGCTGGTTTGAGAAAAAATAATAAAA
+
9999999999999999999999999999999
@read170
ATCTCAATTTTCTGGCAGATGCTCCAAAATG
+
9999999999999999999999999999999
@read171
TTATATTTTTGTATCAGTTAGTTTTTTTCAA
+
9999999999999999999999999999999
@read172
AAACCATGAAAAATTTCTTGAAAACACGAAT
+
9999999999999999999999999999999
@read173
AACTAATTTCCAAAAATTTTGAACAGTTTTT
+
9999999999999999999999999999999
@read174
TTTGCTTGAAATTGCCGGTCACCCCTGGGCC
+
9999999999999999999999999999999
@read175
CAAGTCTAAAGTCATATAGGCAAATACTTAT
+
9999999999999999999999999999999
@read176
CCGTGCCGCACGTGTGGGTTTACGAGCTGAA
+
9999999999999999999999999999999
@read177
ACTGCAAACCGGATTCCCAAAGGAGATTTAT
+
9999999999999999999999999999999
@read178
CGTGCACATAGTCATCATTTTTAACAAAGTC
+
9999999999999999999999999999999
@read179
ACGATTTTCCTAGTCTCCAGTCGATTTTGCG
+
9999999999999999999999999999999
@read180
CTTTCTGTAATGAAAAAATAGTAAAAAACAA
+
9999999999999999999999999999999
@read181
GACACACGCCCGTTTGTATTTCACAAAAATT
+
9999999999999999999999999999999
@read182
AAAGTGATTTATTTAAAGAGAAAAACTATGA
+
9999999999999999999999999999999
@read183
AAAGTTTCGTCAGCCTTGTTATGTCAACCAC
+
9999999999999999999999999999999
@read184
ATTGCAATTTTCCCGAAAATTTCATGTTTTA
+
9999999999999999999999999999999
@read185
TTTAGCCTTAAAAAAAACAACATTGAAAGAA
+
9999999999999999999999999999999
@read186
CTGTTTAGACAATAGTTTTGCCAAAAACTAA
+
9999999999999999999999999999999
@read187
GTCGAAATAGCATCCTGATGGCCTAGGAAAA
+
9999999999999999999999999999999
@read188
TATCCAAAGTTGGCGTTCCTCTTCTTTTGTC
+
9999999999999999999999999999999
@read189
TTAAATTTTCAATTTTCCTTTTTATTGAAAA
+
9999999999999999999999999999999
@read190
GGATCCTAGAAATATACCCAAATTTAATGAG
+
9999999999999999999999999999999
@read191
GAAATCGCACTGATGAGGGATATTAGATTTT
+
9999999999999999999999999999999
@read192
GTAAATTCTATAAAAATATCTGAAGAAAACG
+
9999999999999999999999999999999
@read193
GTAGTCACGATCAGGATTTGGAGGTCAATTC
+
9999999999999999999999999999999
@read194
GGGGAATATTCTTGAAATATGAGGCAAAAGT
+
9999999999999999999999999999999
@read195
TGTTTTCAACTATTCTCTTTCAGGCGGAGGA
+
9999999999999999999999999999999
@read196
TTGCGGGTTTACGAGCTGAATATTTTCCTTC
+
9999999999999999999999999999999
@read197
CTGTTTTCTAGAAAAAAAAAAAGGCGGCATG
+
9999999999999999999999999999999
@read198
TTTTTTGCAAAAAACTTATCATTGGGGGGTT
+
9999999999999999999999999999999
@read199
TTTTTTTGAATTTTTCACATTGGTATTCGGA
+
9999999999999999999999999999999
@read200
ATTGTCCTACATCTATTCTGAAAAGTCAGTA
+
9999999999999999999999999999999
@read201
ATGCCTTCGCGGGCTGAATTTTGGGTCTGAT
+
9999999999999999999999999999999
@read202
AAATAAGAGTCTCAATGAGACTCTCAGAAGA
+
9999999999999999999999999999999
@read203
TTAAAGAGAAAAACTATGAAAAATATATGAA
+
9999999999999999999999999999999
@read204
AATACTATTAAATAAGTATTTGTATGAAACA
+
9999999999999999999999999999999
@read205
CGAATTTTCTTGCAAATTTCTGCAAGAATCA
+
9999999999999999999999999999999
@read206
ATTACCACATATGACGAATCTTCCGCTTGTT
+
9999999999999999999999999999999
@read207
CTCTTAATGCCATTCTTCTCGAAAGTTGATA
+
9999999999999999999999999999999
@read208
CGATTTTGCGCTGAAAATGGGTATAAAATCA
+
9999999999999999999999999999999
@read209
GGACATGGTCTCGAAAGCACTGCAAACCGGA
+
9999999999999999999999999999999
@read210
GTGCCCTAGCTATAAAAATTGCAAATTTTTT
+
9999999999999999999999999999999
@read211
TTATGAAATTTTATTTTAAAAATCGAAAAAT
+
9999999999999999999999999999999
@read212
AAGGTAGTGCACATCAAGGCCGTCAAACGGA
+
9999999999999999999999999999999
@read213
AGAAGAAAATTGATAAATATTATTAATGATA
+
9999999999999999999999999999999
@read214
AAGCCTAATACTAAGCGCTTAGGCTTAGTAT
+
9999999999999999999999999999999
@read215
AGTTCAGAACCAGCTTAATTGTGAAATGTTT
+
9999999999999999999999999999999
@read216
TTCAAACACGTATAAATAAAAATCAATAAAG
+
9999999999999999999999999999999
@read217
CGTATAAATAAAAATCAATAAAGCTAGGAAA
+
9999999999999999999999999999999
@read218
TTCCCGCCAGAGACGCCCCGCCCACGAAACC
+
9999999999999999999999999999999
@read219
TAAGCGAAATAAAATTGGATTCTTTCTGTAA
+
9999999999999999999999999999999
@read220
TCGCGCTGACGTCATGCCTTCGCGGGCTGAA
+
9999999999999999999999999999999
@read221
GAATATTTTCCTTCTATAGACGCCCCGCCCA
+
9999999999999999999999999999999
@read222
AAGCCTAAGACTAAGCCTAAGCCTAATACTA
+
9999999999999999999999999999999
@read223
TATTTTCCTTCTATTTTTATTTGATTTTATA
+
9999999999999999999999999999999
@read224
TAGGTTTGCTATGAAAAATTCAATTAAATCT
+
9999999999999999999999999999999
@read225
TTGTCGAATATATCCTCGGGTGGTTGTTAAA
+
9999999999999999999999999999999
@read226
CGACTTTAAAGGGGGGCGCATTTATGCGGAA
+
9999999999999999999999999999999
@read227
GCTTAGGCTTAGTGCTTAGTCTTAGGCTTAG
+
9999999999999999999999999999999
@read228
CAAATTATTCTGCAAAAAAAACATTCGAAAA
+
9999999999999999999999999999999
@read229
AATTTGGCAGGCAAAATTACAGAAATCACAT
+
9999999999999999999999999999999
@read230
ACCGTGCCGCACTTGCGGGTTTACGAGCTGA
+
9999999999999999999999999999999
@read231
GAGAAATAGACGAATTTCTGAGAAAGTTATG
+
9999999999999999999999999999999
@read232
TGCAAAATATTTTTGCCAACTTGTGGGTTTG
+
9999999999999999999999999999999
@read233
CGGTCGAACATATAGGGGTTTTCAAACCCCG
+
9999999999999999999999999999999
@read234
TTTCAATTTTCCTTTTTATTGAAAAAATCGG
+
9999999999999999999999999999999
@read235
TTGTATTTTCAGAAGAGTGTACTACCGTTTC
+
9999999999999999999999999999999
@read236
CAGGAAAAGCAAGAAAGATCGGTTTAAAAAA
+
9999999999999999999999999999999
@read237
AAATTAAAAACATTTACTTTTTCGATTTTCT
+
9999999999999999999999999999999
@read238
GCCTAATACTAAGCGCTTAGGCTTAGTATTA
+
9999999999999999999999999999999
@read239
AAATAGCATCCTGATGGCCTAGGAAAAGCTC
+
9999999999999999999999999999999
@read240
CATCCTCATCCTCATCTGTAATGTCCTCTAT
+
9999999999999999999999999999999
@read241
AAAATTCTTAAAAATAATTTTTCTAAAAAAA
+
9999999999999999999999999999999
@read242
TATTCCTAAAATGAAAAATTCTTAAAAATAA
+
9999999999999999999999999999999
@read243
AGGCTTAGTCTTAGGCTTAGGCTTAGTAAAC
+
9999999999999999999999999999999
@read244
CGTCTCGAAATTTAGAAAATATATTCTGAAA
+
9999999999999999999999999999999
@read245
CCAAGAAAAGACCAAGAAAAACCATGAAAAA
+
9999999999999999999999999999999
@read246
CGGGTCAAAAATACTGTAATTGGGGTCTCGA
+
9999999999999999999999999999999
@read247
GAAATTTTTTAAATCCATTGGATGCCTATAT
+
9999999999999999999999999999999
@read248
GTTTTTGCGAAATTCGAGCAGGCGTGCACCT
+
9999999999999999999999999999999
@read249
TTTAGCGCGAAAATCGCAAAACGTCACGTTT
+
9999999999999999999999999999999
@read250
AAAAAAACCACTGAAAAATCCGGAACATTCG
+
9999999999999999999999999999999
@read251
ATCATAGTTGGACGAGAACAGAGGTGCTGGT
+
9999999999999999999999999999999
@read252
GTTAAATAAATGTTAAGCAATATTTTAGATG
+
9999999999999999999999999999999
@read253
TTAAACAAAGCAAAGAGCGATACTCATTGCC
+
9999999999999999999999999999999
@read254
GTACTACCGTTTCTGTAGCTACCATATTCTT
+
9999999999999999999999999999999
@read255
AATTTTAGCGCGAAAATCGCAAAACGTCACG
+
9999999999999999999999999999999
@read256
GGGTTCTACAATCATACAAACATTTAATTTT
+
9999999999999999999999999999999
@read257
TTACCGAAATTAGACTTTTCGGCAAACGGGA
+
9999999999999999999999999999999
@read258
GAAATCATCGATTTTTCAGGAAAAGCAAGAA
+
9999999999999999999999999999999
@read259
CGGTGGGCGGAGTCGCGGCGCACACAACAGA
+
9999999999999999999999999999999
@read260
GAAATCATCGATTTTTCAGGAAAAGCAAGAA
+
9999999999999999999999999999999
@read261
CATCATTTTTAACAAAGTCTGCTCAAAATTC
+
9999999999999999999999999999999
@read262
AAATATTCGCCGAAAAACGGTTCAAATTCAC
+
9999999999999999999999999999999
@read263
CGAATATATCCTCGGGTGGTTGTTAAAGGGG
+
9999999999999999999999999999999
@read264
GGAGATATATGCTCGAAAATTAGACAGAATC
+
9999999999999999999999999999999
@read265
TTTCAAACGCAAAATTTTCCCGCCAGAGACG
+
9999999999999999999999999999999
@read266
GTCGAGGAGTTGATCACGAAAAGTGATCAAT
+
9999999999999999999999999999999
@read267
AAAAGTCAATTTCGTACATTTTTTCCGATTA
+
9999999999999999999999999999999
@read268
TGAAATTTTTCGATTTTTCAGTTTTTTAAAA
+
9999999999999999999999999999999
@read269
CAAATTGATATCCGGCAAACGGAAAATCGTC
+
9999999999999999999999999999999
@read270
GTTTGCCTGAATTGAAAATTAAATTTAAAAA
+
9999999999999999999999999999999
@read271
TTTTAAGTCTCAAAACAATGTTTTCAACTAT
+
9999999999999999999999999999999
@read272
AAAATTCGCGGAGATCACGCGTAGATCACAA
+
9999999999999999999999999999999
@read273
GTTATTTCTGTTAAATAAATGTTAAGCAATA
+
9999999999999999999999999999999
@read274
TGAAATTTTCGTATAAACCACGACACGGCTA
+
9999999999999999999999999999999
@read275
AATATTTTCAGCCATCACAAAGTTTCGTCAG
+
9999999999999999999999999999999
@read276
TCCGAATATCAATGTGAAAAAATTAAAACAA
+
9999999999999999999999999999999
@read277
TTGGGTAGGCCTAATGAGGTCACCTGATTAC
+
9999999999999999999999999999999
@read278
TGAAAATTAAATTTAAAAAAGGTAAATTCGG
+
9999999999999999999999999999999
@read279
CTGCCTGGACGATTTCTAGGCTACGCCGTCA
+
9999999999999999999999999999999
@read280
CCGGTCATTTCCCTAATTTTCAATTTTAAAA
+
9999999999999999999999999999999
@read281
TCCCCCCCCCCCTCCCGTTTTACTTGTTTCT
+
9999999999999999999999999999999
@read282
GGCGAACCGGCAAATTGTCGTTTTTGTCAAA
+
9999999999999999999999999999999
@read283
GACAATTTGCCGATTTGCTTGAAATTGCCGG
+
9999999999999999999999999999999
@read284
ATAAAATCAGGGAAATTTTTTAAATCCATTG
+
9999999999999999999999999999999
@read285
TTACAAATACTAAAAGAAGTCTATAATATGT
+
9999999999999999999999999999999
@read286
GCTTAGGCTTAGTATTAGGCTTAGTCTTAGG
+
9999999999999999999999999999999
@read287
CTCTCAGAAGAAAATTGATAAATATTATTAA
+
9999999999999999999999999999999
@read288
AATTTATATAAAATCAGGGAATTTTTTTTGA
+
9999999999999999999999999999999
@read289
CTTCACGCGCCCGACATATCGGCGTCGAAAC
+
9999999999999999999999999999999
@read290
ATACCAGCTGGAAGAGTTTTCCAATTTTCTA
+
9999999999999999999999999999999
@read291
AGTCATCATTTTTAACAAAGTCTGCTCAAAA
+
9999999999999999999999999999999
@read292
TCAATAGCGAAAGGGTTCTACAATCATACAA
+
9999999999999999999999999999999
@read293
CTGGTGGTGGACTCAAAAGTTGAGAAATCTC
+
9999999999999999999999999999999
@read294
GGAGGAATACTGGAGCCGCGCGAGCCAGGAC
+
9999999999999999999999999999999
@read295
CAGAGAATGATTCTTTCTTGTTGTTTGCCAA
+
9999999999999999999999999999999
@read296
CTCATTTTACAAATTATTCTGCAAAAAAAAC
+
9999999999999999999999999999999
@read297
TTAGGCTTAGGCTTAGTGCTTAGTCTTAGGC
+
9999999999999999999999999999999
@read298
AAAAAAAAATATTTTCGATGCTCCGGTTATT
+
9999999999999999999999999999999
@read299
CCATTGGATGCCTATATGTGAGTTTTCAAAC
+
9999999999999999999999999999999
@read300
TTTTGTATCAGTTAGTTTTTTTCAATATACT
+
9999999999999999999999999999999
@read301
TTTTTCAGTAATTTCTGGTCTTTTCTAAAAA
+
9999999999999999999999999999999
@read302
TATTTTAAAAATCGAAAAATCAACAAAAAAA
+
9999999999999999999999999999999
@read303
TAGAAAAAACTCTACCACTGGAGAAACTTAA
+
9999999999999999999999999999999
@read304
GGCTTAGGCTTAGTAAACTTTTTTATTTAAA
+
9999999999999999999999999999999
@read305
GCAAGACCCTTCCGCATAAATGCTCCCCCCT
+
9999999999999999999999999999999
@read306
GTCGCAGAATTGACATCGTTTATATTGGGAC
+
9999999999999999999999999999999
@read307
GCGCGAGCCAGGACGTCAACGGAATGCTCGG
+
9999999999999999999999999999999
@read308
CTTGCAAATTTCTGCAAGAATCAAGAATCAA
+
9999999999999999999999999999999
@read309
GAAAAAATCGGGTTTTTAAACTTATGTCCGG
+
9999999999999999999999999999999
@read310
ATAGTAAAAAACAATATTCAACCGAAAAAAC
+
9999999999999999999999999999999
@read311
ATATAAAATCAGGGAAATTTTTTAAATCCAT
+
9999999999999999999999999999999
@read312
TGAAAGTATAGGCCCAAATTGTGCTCAAATA
+
9999999999999999999999999999999
@read313
CAACAAATTCGACAAAAAATTCTGACTGTTT
+
9999999999999999999999999999999
@read314
ATTATTAATGATATAATAATAATCTTGTTGA
+
9999999999999999999999999999999
@read315
GAGCGTCTATCCAAAGTTGGCGTTCCTCTTC
+
9999999999999999999999999999999
@read316
TTCCACTTCTACGACTTTAAAGGGGGGCGCA
+
9999999999999999999999999999999
@read317
AAATTTATTTCTTGGCGTAAATAAGAGTCTC
+
9999999999999999999999999999999
@read318
AATCTATTCGGCTACTTTGACTATGCACTGG
+
9999999999999999999999999999999
@read319
TGCACTGTATGGTGAATTTGAAAATTTTCTA
+
9999999999999999999999999999999
@read320
CAATAATTGATTTAAATATCGATTTTTATTC
+
9999999999999999999999999999999
@read321
ACACGTATAAATAAAAATCAATAAAGCTAGG
+
9999999999999999999999999999999
@read322
AAGCGAAATAAAATTGGATTCTTTCTGTAAT
+
9999999999999999999999999999999
@read323
TGGTCGGGGATTTTGGAAAACTTTTCCACAC
+
9999999999999999999999999999999
@read324
TTTCTAGGTTTGAGTTTACTTAAATTAATAA
+
9999999999999999999999999999999
@read325
TTTGGAGGTCAATTCTCCTCGTACGATATCT
+
9999999999999999999999999999999
@read326
CATTGGGGGGTTCTGAGAAATAGACGAATTT
+
9999999999999999999999999999999
@read327
GCAAATTGTCGTTTTTGTCAAATTTTCGGCA
+
9999999999999999999999999999999
@read328
AATTAGACAGAGGAGTTGATGAGAACTCTAA
+
9999999999999999999999999999999
@read329
TTTACAACCATTTATACAACATGTGACGTAG
+
9999999999999999999999999999999
@read330
TCGAGGAGTTGATCACGAAAAGTGATCAATA
+
9999999999999999999999999999999
@read331
ACGCCCCGCCCACGAAACCGTGCCGCACGTG
+
9999999999999999999999999999999
@read332
AAAAGTTTGTAAATCTGGTGTAAAAACTCGG
+
9999999999999999999999999999999
@read333
TTTCCACACCTCGTAACGACTTGAGGATAAC
+
9999999999999999999999999999999
@read334
ACTGCCTCGCGCTGACGTCATGCCTTCGCGG
+
9999999999999999999999999999999
@read335
AAAATTATCGAAAATACTAAGTTTTTCTGAA
+
9999999999999999999999999999999
@read336
CTACCGTTTCTGTAGCTACCATATTCTTTTA
+
9999999999999999999999999999999
@read337
TGTGGAGCCTGAACGCTTCCCATTTTCACGT
+
9999999999999999999999999999999
@read338
ACGGAATATAGGCGATAAACGCCAAAAAGTG
+
9999999999999999999999999999999
@read339
GGAGAGAAAGGGGAATATTCTTGAAATATGA
+
9999999999999999999999999999999
@read340
TATGATTTGATATGGATTCAATGGGTTTCAG
+
9999999999999999999999999999999
@read341
TTTTTAAAATTAATTTTCATTTTCAGAAAGG
+
9999999999999999999999999999999
@read342
GCCGGGAAAATTTTGCGTTTAAAAACTCACA
+
9999999999999999999999999999999
@read343
CCACAAAACAGAAATTGAAATTTTTCGATTT
+
9999999999999999999999999999999
@read344
GATTTTTTGGAAAATATGTACAATGTCGTCC
+
9999999999999999999999999999999
@read345
TATTCGGTATCAGGGGCAAAATTAGAGTCAG
+
9999999999999999999999999999999
@read346
ATTTAAAGAGAAAAACTATGAAAAATATATG
+
9999999999999999999999999999999
@read347
GCCTAAACACAGGAGCATATAGGTTGGCAGG
+
9999999999999999999999999999999
@read348
TTTAAAACAACAATTTTTCACATTAAAAAGT
+
9999999999999999999999999999999
@read349
CATTACCACATATGACGAATCTTCCGCTTGT
+
9999999999999999999999999999999
@read350
GGAAGGGTCTTGCCGTGCACATAGTCATCAT
+
9999999999999999999999999999999
@read351
AATATTTTTGCCAACTTGTGGGTTTGCACAT
+
9999999999999999999999999999999
@read352
GGCGGTTGTAAAACCTGACAGAAAGAATTGG
+
9999999999999999999999999999999
@read353
TTTTCTTTTGATGGAAAATGAGAAAACACGG
+
9999999999999999999999999999999
@read354
TTTATATTGGGACATCCAGAAAACTATCATA
+
9999999999999999999999999999999
@read355
ACATAAATAGGGTATATAGAAACATTTTCGT
+
9999999999999999999999999999999
@read356
ACCACTGGAGAAACTTAATCGGTGTGCTCAT
+
9999999999999999999999999999999
@read357
GGCAAAAGTTGCGATTTTTTTGGAGTTGACT
+
9999999999999999999999999999999
@read358
ATTTCCAAAAATTTTGAACAGTTTTTAATAC
+
9999999999999999999999999999999
@read359
TCGTTATTTTTTCTAAACTCACAGTATATTA
+
9999999999999999999999999999999
@read360
TGCCTTATGGGAATGCATTTGATTGTTTCCG
+
9999999999999999999999999999999
@read361
ATTTTTTCTAAACTCACAGTATATTAGCGAA
+
9999999999999999999999999999999
@read362
CACGTTTGGATAATATCGAAGACAATTTGCA
+
9999999999999999999999999999999
@read363
AAAATTCTAGGTAATTGAAATGCTTTGAGTA
+
9999999999999999999999999999999
@read364
TTTCAGGCGGAGGAATACTGGAGCCGCGCGA
+
9999999999999999999999999999999
@read365
TTCATTTCAAAAAACCCGAAAAATGTTTTTT
+
9999999999999999999999999999999
@read366
TGTGCTCATTTTCTACCTGGTCGGGGATTTT
+
9999999999999999999999999999999
@read367
TGAAATTTTCGTATAAACCACGACACGGCTA
+
9999999999999999999999999999999
@read368
TCGGGTTTTTAAACTTATGTCCGGTCATTTC
+
9999999999999999999999999999999
@read369
CGAGGAAAATCGCGGCGAAACGACGTTTCCT
+
9999999999999999999999999999999
@read370
GTATTCGGAATCAGAGAACATAAATAGGGTA
+
9999999999999999999999999999999
@read371
AAACTTAATCGGTGTGCTCATTTTCTACCTG
+
9999999999999999999999999999999
@read372
AAAAAAACTCTATAACATGTAAGAATTTTTG
+
9999999999999999999999999999999
@read373
AAAAAAAACAACATTGAAAGAATGATGAATA
+
9999999999999999999999999999999
@read374
ACTATGCACTGGACTGCGGAGCGGGTATCGG
+
9999999999999999999999999999999
@read375
CTCTCATGGTCGAAGATTTTCAAAACTCTTC
+
9999999999999999999999999999999
@read376
CAATCAATACGATCTCCTTGATTTACAACCT
+
9999999999999999999999999999999
@read377
ATCTTCCGCTTGTTTCGAAAATGACTTTCAA
+
9999999999999999999999999999999
@read378
TTTTATTCGTTTAATTGCAATTTTCCCGAAA
+
9999999999999999999999999999999
@read379
CGTGTGGAGCCTGAACGCTTCCCATTTTCAC
+
9999999999999999999999999999999
@read380
TAGAACATCAAAAAAATCAGCGGCATGACGA
+
9999999999999999999999999999999
@read381
GAACGACGTTATGATTTGATATGGATTCAAT
+
9999999999999999999999999999999
@read382
ACCAAGTGTGAAATTCAAACGACAATTTTTG
+
9999999999999999999999999999999
@read383
AGATTTTTAAACTAATTTCCAAAAATTTTGA
+
9999999999999999999999999999999
@read384
AGATATCATGAAATTGGCATTAATAGCCAAT
+
9999999999999999999999999999999
@read385
AATTTTTTTTATTTATTTTTTTTTCCAAAAA
+
9999999999999999999999999999999
@read386
TAGGCTTAGGCTTAGTCTTAGGCTTAGGCTT
+
9999999999999999999999999999999
@read387
ATCTCTTAATGCCATTCTTCTCGAAAGTTGA
+
9999999999999999999999999999999
@read388
AACATTGATTCGACGCGCTCCGGAGGATCCT
+
9999999999999999999999999999999
@read389
GGCTTAGGCTTAGGCTTAGGCTCTTAGGCTT
+
9999999999999999999999999999999
@read390
ATTTTCTTTTGATGGAAAATGAGAAAACACG
+
9999999999999999999999999999999
@read391
TTCTTTTAGGCTTAGGCTTAGTCTTAGGCTT
+
9999999999999999999999999999999
@read392
AAAAATGCCAATTTTTCAGTAATTTCTGGTC
+
9999999999999999999999999999999
@read393
GTTTCAAAATTTGCCGCACACCTCTGGGCAT
+
9999999999999999999999999999999
@read394
AGATAGCATAATGATGGCCTAGAAAAAACTC
+
9999999999999999999999999999999
@read395
ATTGATAAATATTATTAATGATATAATAATA
+
9999999999999999999999999999999
@read396
TTCCGGAAACATTGATTCGACGCGCTCCGGA
+
9999999999999999999999999999999
@read397
AGATTCCCCCACAAAAAGTTACCACCGGTGG
+
9999999999999999999999999999999
@read398
ATATTCAACCGAAAAAACTGAGTCTAGAAAA
+
9999999999999999999999999999999
@read399
CTAAACATTTTTTAAAACAATTCATTATTCA
+
9999999999999999999999999999999
@read400
ATGCGTGAAGATTTTTTTCGTGTTTTTTGTC
+
9999999999999999999999999999999
@read401
GCTTACCTGTAATTACAATTTTGACCACAAA
+
9999999999999999999999999999999
@read402
CGAGAAACGGTTATTCGACGATGATGATCAT
+
9999999999999999999999999999999
@read403
AACAATATTCAACCGAAAAAACTGAGTCTAG
+
9999999999999999999999999999999
@read404
CAGAAACTGCTAAAAATGATGACTAAATGCG
+
9999999999999999999999999999999
@read405
CTGATGGCCTAGGAAAAGCTCTTCCACTGAA
+
9999999999999999999999999999999
@read406
AAACGGAAAATCGTCAGTTTGCCTGAATTGA
+
9999999999999999999999999999999
@read407
TTTATTTTCCTGATTCCGAATATCAATGTGA
+
9999999999999999999999999999999
@read408
TTTCGTGGGCGGGGCGTCTCTGCCGGGAAAA
+
9999999999999999999999999999999
@read409
GAGGTCTGAACTGAAATTTTCTGTATTTATT
+
9999999999999999999999999999999
@read410
ACCAGCTGGAAGAGTTTTCCAATTTTCTAGG
+
9999999999999999999999999999999
@read411
CACATATGACGAATCTTCCGCTTGTTTCGAA
+
9999999999999999999999999999999
@read412
ATTTCTGCAAGAATCAAGAATCAAGAATTCT
+
9999999999999999999999999999999
@read413
GTCCTCTATTTTTTCCCGACTATTTTCCGAC
+
9999999999999999999999999999999
@read414
TGCATTTCACGAATTTGGCAGGCAAAATTAC
+
9999999999999999999999999999999
@read415
TGATGAGAACTCTAATCCATTCTCTGAGCGA
+
9999999999999999999999999999999
@read416
GAAACAAAAATTTTTGTCAAAAAAATACCAA
+
9999999999999999999999999999999
@read417
AGGCAAAATTAGAGGTACCCGCCAAATATCT
+
9999999999999999999999999999999
@read418
ACGACGTTTCCTGGAAAAGTGAGAATTTCTT
+
9999999999999999999999999999999
@read419
AAATCGGTAGTTTTCGAAATAAAATAAAAAT
+
9999999999999999999999999999999
@read420
GCCTAATACTAAGCGCTTAGGCTTAGTATTA
+
9999999999999999999999999999999
@read421
GAAATTTTCGTATAAACCACGACACGGCTAA
+
9999999999999999999999999999999
@read422
TTTCTTATGGCAAATATTATTTAAAAACAAT
+
9999999999999999999999999999999
@read423
GCCGTGCACATAGTCATCATTTTTAACAAAG
+
9999999999999999999999999999999
@read424
AACTTTTTTTGCAAAAAACTTATCATTGGGG
+
9999999999999999999999999999999
@read425
GATGGAAAATGAGAAAACACGGCAGATTTTC
+
9999999999999999999999999999999
@read426
TGAATTCCGTCGTGTGGAGCCTGAACGCTTC
+
9999999999999999999999999999999
@read427
GAGTGAAGGTTCGGAATTTTTCTATAGACCC
+
9999999999999999999999999999999
@read428
TTTTGCAAAAAACTTATCATTGGGGGGTTCT
+
9999999999999999999999999999999
@read429
CGATTTGCTTGAAATTGCCGGTCACCCCTGG
+
9999999999999999999999999999999
@read430
CCTCAACACACCGGATTCACCAATAATTGAT
+
9999999999999999999999999999999
@read431
TTAAAAATCGAAAAATCAACAAAAAAAATCG
+
9999999999999999999999999999999
@read432
CTGTGTTTGGGTAGGCCTAATGAGGTCACCT
+
9999999999999999999999999999999
@read433
ATGGAAGACGTCGTCGAGGAGTTGATCACGA
+
9999999999999999999999999999999
@read434
TAAAAACAAAAACAATTCCATTAAATATCCC
+
9999999999999999999999999999999
@read435
ATTTTGAACAGTTTTTAATACAAATTTCTTG
+
9999999999999999999999999999999
@read436
CGGGGGCTATACGTTTATGAGCCGTAGAAAA
+
9999999999999999999999999999999
@read437
TTTGATTGTTTCCGCATATTGTTTACAACCA
+
9999999999999999999999999999999
@read438
AGCCAAAAACTGTATAAACTTGCCCACGTGT
+
9999999999999999999999999999999
@read439
TTCTTATGGCAAATATTATTTAAAAACAATC
+
9999999999999999999999999999999
@read440
CGAAATAAAATTGGATTCTTTCTGTAATGAA
+
9999999999999999999999999999999
@read441
AGAATTTTTCTAAAATCGGTAGTTTTCGAAA
+
9999999999999999999999999999999
@read442
GACTGACGGGGGCTATACGTTTATGAGCCGT
+
9999999999999999999999999999999
@read443
GTTTTTTGTCTGAAAAATAATGACAAATCTG
+
9999999999999999999999999999999
@read444
TACTTCTTAAAGACACACGCCCGTTTGTATT
+
9999999999999999999999999999999
@read445
AAATTTGAAAAAAAAACTCTATAACATGTAA
+
9999999999999999999999999999999
@read446
ATGCGCGGCAAGACCCTTCCGCATAAATGCT
+
9999999999999999999999999999999
@read447
TGAGAAAACACGGCAGATTTTCAATATTACT
+
9999999999999999999999999999999
@read448
ATTAAAAACTTGGCAATTATTTTTGGTTGCC
+
9999999999999999999999999999999
@read449
TGTCTGAAAAATAATGACAAATCTGTGTTTG
+
9999999999999999999999999999999
@read450
CCGCGCGAGCCAGGACGTCAACGGAATGCTC
+
9999999999999999999999999999999
@read451
TACAGAAATCACATTTAGCTATTTTCTGAAA
+
9999999999999999999999999999999
@read452
TCGAAGATTTTCAAAACTCTTCCACAGCTCC
+
9999999999999999999999999999999
@read453
AATTTAGTATATTGGGGTTTCGACGAAAAAT
+
9999999999999999999999999999999
@read454
TTTATTTGATTTTATACCGATTTTCGTCGAT
+
9999999999999999999999999999999
@read455
CGGCGCACACAACAGACAGCGATCGACGGAA
+
9999999999999999999999999999999
@read456
TCACGTTATTTCTGTTAAATAAATGTTAAGC
+
9999999999999999999999999999999
@read457
TAAAAAAAAAACGTTTTGAATTTAGCATGAA
+
9999999999999999999999999999999
@read458
TCTCACCTGAAAACTAGGTGAATTCCGTCGT
+
9999999999999999999999999999999
@read459
ATTAAAAAAAATTCACAAAAGGCTCATTTTA
+
9999999999999999999999999999999
@read460
TGTTTCCGTCTTAATAAAAATTCCTTTGAGA
+
9999999999999999999999999999999
@read461
CAGTAATTTCTGGTCTTTTCTAAAAAAATCT
+
9999999999999999999999999999999
@read462
CAAAAAATGTGTTTTTTTAATTATTTTTTTT
+
9999999999999999999999999999999
@read463
TTTCGAAAATGACTTTCAATGGGGAGAGAAA
+
9999999999999999999999999999999
@read464
CCCGGAAATCAAATAAAACGCCGAAACTTTT
+
9999999999999999999999999999999
@read465
AACTTGTGGGTTTGCACATGTTTTTTTGTTG
+
9999999999999999999999999999999
@read466
ATTTTCTGAAATAACAATATTCCTAAAATGA
+
9999999999999999999999999999999
@read467
TTTTTTTTCAAAAATGAACAATTTTAATGTT
+
9999999999999999999999999999999
@read468
TGCAAAAAAAACATTCGAAAACAATTAAAAT
+
9999999999999999999999999999999
@read469
AAACGACGTTTCCTGGAAAAGTGAGAATTTC
+
9999999999999999999999999999999
@read470
CAATGAACACTATTATAACATTTTCAGAAAA
+
9999999999999999999999999999999
@read471
AAAAAAAAAACGTTTTGAATTTAGCATGAAA
+
9999999999999999999999999999999
@read472
TTGGGGTCTCGACACGACACGTTTTTGCGAA
+
9999999999999999999999999999999
@read473
TTTCTGCAAGAATCAAGAATCAAGAATTCTG
+
9999999999999999999999999999999
@read474
TGGGAGATATATGCTCGAAAATTAGACAGAA
+
9999999999999999999999999999999
@read475
TATTTATTACGTTCATAAATAAAGCATGTAG
+
9999999999999999999999999999999
@read476
CGGATCCTAGAAATATACCCAAATTTAATGA
+
9999999999999999999999999999999
@read477
TTCGGAAATCGCACTGATGAGGGATATTAGA
+
9999999999999999999999999999999
@read478
TCAATATATTGGAAAACATCCACGAATTGGA
+
9999999999999999999999999999999
@read479
CTAGCTATAAAAATTGCAAATTTTTTGTATT
+
9999999999999999999999999999999
@read480
ATTTGCTTGAAATTGCCGGTCACCCCTGGGC
+
9999999999999999999999999999999
@read481
ATTTTCGGATTTTCAAAATTAATATAAAATC
+
9999999999999999999999999999999
@read482
ATAAAACGCCGAAACTTTTTTCTCATTTTCT
+
9999999999999999999999999999999
@read483
TAAAATCAGGGAAATTTTTTTAAATTTTGTC
+
9999999999999999999999999999999
@read484
TTTCGACGAAAAATGCCAATTTTTCAGTAAT
+
9999999999999999999999999999999
@read485
TTTTGCGTTTAAAAACTCACATATAGGCATC
+
9999999999999999999999999999999
@read486
AATCAAATAAAACGCCGAAACTTTTTTCTCA
+
9999999999999999999999999999999
@read487
TTTTTAAAACAACAATTTTTCACATTAAAAA
+
9999999999999999999999999999999
@read488
CTTAGGCTTAGTCTTAGGCTTAGGCTTAGTG
+
9999999999999999999999999999999
@read489
AAACGGCACGGTTTCGTGGGCGGGGCGTCTC
+
9999999999999999999999999999999
@read490
TACCACATATGACGAATCTTCCGCTTGTTTC
+
9999999999999999999999999999999
@read491
GAATTGACATCGTTTATATTGGGACATCCAG
+
9999999999999999999999999999999
@read492
CCAGACTCGAAATTTCGCGATATTCGGGTCA
+
9999999999999999999999999999999
@read493
CAATAGCGAAAGGGTTCTACAATCATACAAA
+
9999999999999999999999999999999
@read494
TTTTTTGTTGGAAATTTCAGAATTTCAATTT
+
9999999999999999999999999999999
@read495
TTTACACAGAAACTGCTAAAAATGATGACTA
+
9999999999999999999999999999999
@read496
CATTTTCAGAAAATGTAGTATTTAAGCGAAG
+
9999999999999999999999999999999
@read497
TTATTCAGCCCGAGCTTCTTAAAGCGTTCGC
+
9999999999999999999999999999999
@read498
CCTTCGCGGGCTGAATTTTGGGTCTGATCCT
+
9999999999999999999999999999999
@read499
AATGATGGCCTAGAAAAAACTCTACCACTGG
+
9999999999999999999999999999999
@read500
CGGCATGCGCAAGTTTCAAAATTTGCCGCAC
+
9999999999999999999999999999999
@read501
GTCTCCAGTCGATTTTGCGCTGAAAATGGGT
+
9999999999999999999999999999999
@read502
TTTGGGTAGGCCTAATGAGGTCACCTGATTA
+
9999999999999999999999999999999
@read503
ATAATTTTTCTAAAAAAAATGTGAGATTTTT
+
9999999999999999999999999999999
@read504
AATTTCAAACTATTGTCTCATAGTTTTTTGT
+
9999999999999999999999999999999
@read505
TGTTTTCAACTATTCTCTTTCAGGCGGAGGA
+
9999999999999999999999999999999
@read506
TAGGTTTGAGTTTACTTAAATTAATAACAAA
+
9999999999999999999999999999999
@read507
CCTCCCGTTTTACTTGTTTCTAGGTTTGAGT
+
9999999999999999999999999999999
@read508
TCGAAAATGACTTTCAATGGGGAGAGAAAGG
+
9999999999999999999999999999999
@read509
TTTTTTTCAATATACTTCACACAGTTCAGAA
+
9999999999999999999999999999999
@read510
CAATATATTGGAAAACATCCACGAATTGGAG
+
9999999999999999999999999999999
@read511
ATTAAATTTAAAAAAGGTAAATTCGGCGAAC
+
9999999999999999999999999999999
@read512
CACACAGTTCAGAACCAGCTTAATTGTGAAA
+
9999999999999999999999999999999
@read513
TTCGGCGAACCGGCAAATTGTCGTTTTTGTC
+
9999999999999999999999999999999
@read514
TTTTGGACAGTTTGTACAGTTTAAAAAATTT
+
9999999999999999999999999999999
@read515
TTCGCATTTGAGGCATTAAGGTAGACGACAG
+
9999999999999999999999999999999
@read516
CTACTTTGACTATGCACTGGACTGCGGAGCG
+
9999999999999999999999999999999
@read517
AAATAAAATAAAAATGTTATTTTAAAAATTA
+
9999999999999999999999999999999
@read518
TTTATAAATATTTTCCAGAATCTATTCGGCT
+
9999999999999999999999999999999
@read519
CTTTGAATTTTATAAATATTTTCCAGAATCT
+
9999999999999999999999999999999
@read520
TGATCATAGTTGGACGAGAACAGAGGTGCTG
+
9999999999999999999999999999999
@read521
AGGTAAATTCGGCGAACCGGCAAATTGTCGT
+
9999999999999999999999999999999
@read522
TAAAAGATAAAACCCGAAAAACGTGCAGGCC
+
9999999999999999999999999999999
@read523
GGTTTGCACATGTTTTTTTGTTGGAAATTTC
+
9999999999999999999999999999999
@read524
AAGTCATATAGGCAAATACTTATTGATGTCA
+
9999999999999999999999999999999
@read525
TGAAAATTCCACAGAAATGAAGTTTTTAAAC
+
9999999999999999999999999999999
@read526
CCTAAAAACCCCATGGCCGAAGCTTTTTTCT
+
9999999999999999999999999999999
@read527
GGTTATCACCCCATGCGTGAAGATTTTTTTC
+
9999999999999999999999999999999
@read528
ATTATATAACCAGAAATACTATTAAATAAGT
+
9999999999999999999999999999999
@read529
TAGAAAAAAAAAAAGGCGGCATGCGCAAGTT
+
9999999999999999999999999999999
@read530
TCTCGAAAGCACTGCAAACCGGATTCCCAAA
+
9999999999999999999999999999999
@read531
TTTTCTCTTTTTTTTGGTGTTTTTTATTGAA
+
9999999999999999999999999999999
@read532
AGGCTTAGTCTTAGGCTTAGTCTTAGGCTTA
+
9999999999999999999999999999999
@read533
GGACTCAAAAGTTGAGAAATCTCTGAAAACT
+
9999999999999999999999999999999
@read534
AAATTAAAAACATTTACTTTTTCGATTTTCT
+
9999999999999999999999999999999
@read535
GTTTTTGCGAAATTCGAGCAGGCGTGCACCT
+
9999999999999999999999999999999
@read536
CTCATCCTCATCTGTAATGTCCTCTATTTTT
+
9999999999999999999999999999999
@read537
CCACAAACTCTACTCCCCCTTTAAACAAAGC
+
9999999999999999999999999999999
@read538
AATATGTTGAAAGTTTATAAATAAGAGGGGG
+
9999999999999999999999999999999
@read539
AAAAATAGTTCGTTCGCTGAAAATTTAAGCG
+
9999999999999999999999999999999
@read540
AGAGGGGGTCTTATTTATTACGTTCATAAAT
+
9999999999999999999999999999999
@read541
GCACCTTTAAAGAATACTGTAATTTCAAACT
+
9999999999999999999999999999999
@read542
TTAAAATTTTTTTTTAAAACAACAATTTTTC
+
9999999999999999999999999999999
@read543
ACCCGAAAAATGTTTTTTTCAATATGCAACA
+
9999999999999999999999999999999
@read544
AAGACTAAGCCTAATACTAAGCGCTTAGGCT
+
9999999999999999999999999999999
@read545
AGGCTTAGTGCTTAGTCTTAGGCTTAGTCTT
+
9999999999999999999999999999999
@read546
ACGGAAAATCGTCAGTTTGCCTGAATTGAAA
+
9999999999999999999999999999999
@read547
TGAAAAGTCAGTAAATTCTATAAAAATATCT
+
9999999999999999999999999999999
@read548
TAATTCAATTTTTTTAAAATTAATTTTCATT
+
9999999999999999999999999999999
@read549
TAAAATAAAAATGTTATTTTAAAAATTATTT
+
9999999999999999999999999999999
@read550
AATTGAAATTTTTCGATTTTTCAGTTTTTTA
+
9999999999999999999999999999999
@read551
CAAACGCAAAATTTTCCCGCCAGAGACGCCC
+
9999999999999999999999999999999
@read552
GAGAAATAGACGAATTTCTGAGAAAGTTATG
+
9999999999999999999999999999999
@read553
GCTTAGTATTAGGCTTAGTCTTAGGCTTAGT
+
9999999999999999999999999999999
@read554
ACTTAAAAGTTATCAAATCTCAATAGCGAAA
+
9999999999999999999999999999999
@read555
TCCAGAATCTATTCGGCTACTTTGACTATGC
+
9999999999999999999999999999999
@read556
ACTATTCTCTTTCAGGCGGAGGAATACTGGA
+
9999999999999999999999999999999
@read557
TTTTCTATAGACCCTATTTATTTTCCTGATT
+
9999999999999999999999999999999
@read558
TTAATGAGGTCTGAACTGAAATTTTCTGTAT
+
9999999999999999999999999999999
@read559
ATGTCAATAATCGAGTTATTCCTAGTAGATA
+
9999999999999999999999999999999
@read560
AAATTAATAACAAAACTGGGAGATATATGCT
+
9999999999999999999999999999999
@read561
TCACCAATAATTGATTTAAATATCGATTTTT
+
9999999999999999999999999999999
@read562
GTGCTTAGTCTTAGGCTTAGTCTTAGGCTTA
+
9999999999999999999999999999999
@read563
AAAGAGAAAAACTATGAAAAATATATGAAAA
+
9999999999999999999999999999999
@read564
AATTTTATAAATATTTTCCAGAATCTATTCG
+
9999999999999999999999999999999
@read565
TAAATTTAAAAATTAAAAACATTTACTTTTT
+
9999999999999999999999999999999
@read566
AAACTGAAAATATGTTGAAAGTTTATAAATA
+
9999999999999999999999999999999
@read567
GGAAAAATTTTTGCAAGAATCAAGAAACAAA
+
9999999999999999999999999999999
@read568
TTAACAAAGTCTGCTCAAAATTCGCGGAGAT
+
9999999999999999999999999999999
@read569
TCGAGACCCCACTTACTGTAATTTTAGCGCG
+
9999999999999999999999999999999
@read570
TTGTATTTTCAGAAGAGTGTACTACCGTTTC
+
9999999999999999999999999999999
@read571
CAATATAGGTTTGCTATGAAAAATTCAATTA
+
9999999999999999999999999999999
@read572
GTTGTAAAACCTGACAGAAAGAATTGGTCCC
+
9999999999999999999999999999999
@read573
TAACTCAGCTCTGTCGAAATAGCATCCTGAT
+
9999999999999999999999999999999
@read574
TGAAACCTGGTGGATGTATTGTGCTCAAGGA
+
9999999999999999999999999999999
@read575
TGATATAATAATAATCTTGTTGATCCGTTCT
+
9999999999999999999999999999999
@read576
AAATGACCAAAAACAAAGATTCCCCCACAAA
+
9999999999999999999999999999999
@read577
AACTTATCATTGGGGGGTTCTGAGAAATAGA
+
9999999999999999999999999999999
@read578
CCTGGTGGATGTATTGTGCTCAAGGATAATG
+
9999999999999999999999999999999
@read579
CGAACGACGTTATGATTTGATATGGATTCAA
+
9999999999999999999999999999999
@read580
GCAAATACTTATTGATGTCAAAGAAGCTATT
+
9999999999999999999999999999999
@read581
ATCGATATTCGGTATCAGGGGCAAAACGGCA
+
9999999999999999999999999999999
@read582
CCGGTTATTTTTTAAGCGAAATAAAATTGGA
+
9999999999999999999999999999999
@read583
TCGGCTACTTTGACTATGCACTGGACTGCGG
+
9999999999999999999999999999999
@read584
TTTTCGGATTTTCAAAATTAATATAAAATCA
+
9999999999999999999999999999999
@read585
GACATATTTCTTTTATTTTGCCAAAAATTTC
+
9999999999999999999999999999999
@read586
AAAAAACATTCGAAAACAATTAAAATTTTGA
+
9999999999999999999999999999999
@read587
TCAATTTTCCTTTTTATTGAAAAAATCGGGT
+
9999999999999999999999999999999
@read588
AACTATTGTCTCATAGTTTTTTGTTGAAAAG
+
9999999999999999999999999999999
@read589
CAGTTTAAAAAATTTTTGTTTTTGAACCAGT
+
9999999999999999999999999999999
@read590
TGAAAACTGAAAATATGTTGAAAGTTTATAA
+
9999999999999999999999999999999
@read591
AAAATGTTTTTTTCAATATGCAACAAATCAT
+
9999999999999999999999999999999
@read592
ATGTTGAAAGTTTATAAATAAGAGGGGGTCT
+
9999999999999999999999999999999
@read593
AGATAGCACTGAAAACTGAAAATATGTTGAA
+
9999999999999999999999999999999
@read594
CAAAAATGAACAATTTTAATGTTAAATTTAT
+
9999999999999999999999999999999
@read595
TTAGAAAATATATTCTGAAAAAGGACATATT
+
9999999999999999999999999999999
@read596
TCCCGAAAATTTCATGTTTTACATGCGTGCT
+
9999999999999999999999999999999
@read597
AACTTTTTTATTTAAAATTATCGAAAATACT
+
9999999999999999999999999999999
@read598
TCTCATTTTTTCTCTTTTTTTTGGTGTTTTT
+
9999999999999999999999999999999
@read599
AATACAAATTTCTTGCGAATTTTCTTGCAAA
+
9999999999999999999999999999999
@read600
TTTCATCAAATTTTTATGAGATTAACATTCG
+
9999999999999999999999999999999
@read601
TCAAAAGTTGAGAAATCTCTGAAAACTGTTT
+
9999999999999999999999999999999
@read602
TTTCGATTTTTCAGTTTTTTAAAAGATAAAA
+
9999999999999999999999999999999
@read603
ACCTGGTGGATGTATTGTGCTCAAGGATAAT
+
9999999999999999999999999999999
@read604
AGGACTGCAGACGTTTGCACCGCCCGAACGA
+
9999999999999999999999999999999
@read605
TATTCGGTATCAGGGGCAAAACGGCACGGTT
+
9999999999999999999999999999999
@read606
ACCGGTCGCCAACCGCCGCAGTTGAAAATTA
+
9999999999999999999999999999999
@read607
ATCAAATTTTTATGAGATTAACATTCGGTCG
+
9999999999999999999999999999999
@read608
AAATTTCATGTTTTACATGCGTGCTCACGTT
+
9999999999999999999999999999999
@read609
TGCCTTATGGGAATGCATTTGATTGTTTCCG
+
9999999999999999999999999999999
@read610
ATGTCCGGTCATTTCCCTAATTTTCAATTTT
+
9999999999999999999999999999999
@read611
AAATTTATTTCTTGGCGTAAATAAGAGTCTC
+
9999999999999999999999999999999
@read612
CTGGGCGGTTGTAAAACCTGACAGAAAGAAT
+
9999999999999999999999999999999
@read613
TGGCCGAAGCGGGTTCGCATTTGAGGCATTA
+
9999999999999999999999999999999
@read614
CACAAAGTGCAAGAAAACAAGAAAAACAAAC
+
9999999999999999999999999999999
@read615
CTTCTCAAAAATGGTTCAAAGTTTTTTATGT
+
9999999999999999999999999999999
@read616
AATTGGCATTAATAGCCAATTTCAAGTCTAA
+
9999999999999999999999999999999
@read617
GCTATGAAAAATTCAATTAAATCTTTTTCCG
+
9999999999999999999999999999999
@read618
TTTAAAATTAAAATTCATTTAAAATTGTTGT
+
9999999999999999999999999999999
@read619
TTTCTATCTTCATCCTCATCCTCATCTGTAA
+
9999999999999999999999999999999
@read620
TTTTAGAATTTTTCTAAAATCGGTAGTTTTC
+
9999999999999999999999999999999
@read621
AATGGGGAGAGAAAGGGGAATATTCTTGAAA
+
9999999999999999999999999999999
@read622
TCATTTTACAAATTATTCTGCAAAAAAAACA
+
9999999999999999999999999999999
@read623
CTTCCCATTTTCACGTGACCGAAAATTTTGT
+
9999999999999999999999999999999
@read624
GGATTCAATGGGTTTCAGGGCATTTGGTTGA
+
9999999999999999999999999999999
@read625
AGTAATTTCTGGTCTTTTCTAAAAAAATCTA
+
9999999999999999999999999999999
@read626
ACAAAAAAAATCGAAATTTTAGAATTTTTCT
+
9999999999999999999999999999999
@read627
TTTTATTGAAAATTTTGTGATTTTCGTAAAT
+
9999999999999999999999999999999
@read628
CAATTTTTTTTATTTATTTTTTTTTCCAAAA
+
9999999999999999999999999999999
@read629
GCCCACGTGTAGTACAAAATCGTTAGTGAAT
+
9999999999999999999999999999999
@read630
GCGCGAGCCAGGACGTCAACGGAATGCTCGG
+
9999999999999999999999999999999
@read631
ACAATTTTTCACATTAAAAAGTCAATTTCGT
+
9999999999999999999999999999999
@read632
ACGGAATATAGGCGATAAACGCCAAAAAGTG
+
9999999999999999999999999999999
@read633
CCAAAACGCTTTTTGTTTTCAGAGAATGATT
+
9999999999999999999999999999999
@read634
TTTGATGGAAAATGAGAAAACACGGCAGATT
+
9999999999999999999999999999999
@read635
ACCACTGAAAAATCCGGAACATTCGGATTTT
+
9999999999999999999999999999999
@read636
TAGGCTTAGGCTTAGGCTTAGGCTTAGGCTT
+
9999999999999999999999999999999
@read637
ATGTTTTACATGCGTGCTCACGTTATTTCTG
+
9999999999999999999999999999999
@read638
ATCTTCATGTGATCTACGCGAATTTTACACA
+
9999999999999999999999999999999
@read639
GATTTATCCAGTAAAAATGTATGCATTGAAG
+
9999999999999999999999999999999
@read640
CTTATGGCAAATATTATTTAAAAACAATCAA
+
9999999999999999999999999999999
@read641
TTCATAAATTTTTGTAACCAAGTGTGAAATT
+
9999999999999999999999999999999
@read642
GTCTATTTCTCTCATGGTCGAAGATTTTCAA
+
9999999999999999999999999999999
@read643
AACATCCACGAATTGGAGATAAATTCGTCGA
+
9999999999999999999999999999999
@read644
AGGCTACGCGGCAATTTCTGACCTTTTAGAA
+
9999999999999999999999999999999
@read645
AATTTTTCACATTAAAAAGTCAATTTCGTAC
+
9999999999999999999999999999999
@read646
TAATTACAATTTTGACCACAAAACAGAAATT
+
9999999999999999999999999999999
@read647
AAAACAACAATTTTTCACATTAAAAAGTCAA
+
9999999999999999999999999999999
@read648
TTGGTTGATTTCTTTAAAAGATGTGCGGTAA
+
9999999999999999999999999999999
@read649
TTGAAAGAATGATGAATAATGGTTTTTGACG
+
9999999999999999999999999999999
@read650
TCATTTCAAAAAACCCGAAAAATGTTTTTTT
+
9999999999999999999999999999999
@read651
CGAAACCGTGCCGCACGTGTGGGTTTACGAG
+
9999999999999999999999999999999
@read652
TGAAATTTTCGTATAAACCACGACACGGCTA
+
9999999999999999999999999999999
@read653
AACAATCAAAATATAAAAAATAGTTCGTTCG
+
9999999999999999999999999999999
@read654
TCAATATTACTTTGGCACCCAAAACGCTTTT
+
9999999999999999999999999999999
@read655
AATTTAAATTTAAAAATTAAAAACATTTACT
+
9999999999999999999999999999999
@read656
CACGTTATTTCTGTTAAATAAATGTTAAGCA
+
9999999999999999999999999999999
@read657
GAATACTGGAGCCGCGCGAGCCAGGACGTCA
+
9999999999999999999999999999999
@read658
AGAAAAAATAATAAAAACTTTGAAATTAAAA
+
9999999999999999999999999999999
@read659
TGCGGGTTTACGAGCTGAATATTTTCCTTCT
+
9999999999999999999999999999999
@read660
ATGTTAAATTTATTTCTTGGCGTAAATAAGA
+
9999999999999999999999999999999
@read661
TATACCCAAATTTAATGAGGTCTGAACTGAA
+
9999999999999999999999999999999
@read662
ACAATAGTTTTGCCAAAAACTAAAAACAATT
+
9999999999999999999999999999999
@read663
AATTTTTTTTTAAAACAACAATTTTTCACAT
+
9999999999999999999999999999999
@read664
CATATGACGAATCTTCCGCTTGTTTCGAAAA
+
9999999999999999999999999999999
@read665
ATACAAATTATATAACCAGAAATACTATTAA
+
9999999999999999999999999999999
@read666
GAGCGAGAAGGATGGCCGAAGCGGGTTCGCA
+
9999999999999999999999999999999
@read667
AAACACGGCAGATTTTCAATATTACTTTGGC
+
9999999999999999999999999999999
@read668
TATTGGGACATCCAGAAAACTATCATAAAAT
+
9999999999999999999999999999999
@read669
AACTCTATAACATGTAAGAATTTTTGAAAAA
+
9999999999999999999999999999999
@read670
AAAAATTGTCGTGTCGAGACCCCACTTACTG
+
9999999999999999999999999999999
@read671
AAGTATAGGCCCAAATTGTGCTCAAATAAAC
+
9999999999999999999999999999999
@read672
GGAAAAGCAAGAAAGATCGGTTTAAAAAATT
+
9999999999999999999999999999999
@read673
TAAAGGGGGGCGCATTTATGCGGAAGGGTCT
+
9999999999999999999999999999999
@read674
TCATTTCCCTAATTTTCAATTTTAAAATTAA
+
9999999999999999999999999999999
@read675
TGTTGTTTCGTCTCGAAATTTAGAAAATATA
+
9999999999999999999999999999999
@read676
GTTGTTTGCCAACGCACGCCACACATTACCA
+
9999999999999999999999999999999
@read677
GAAGCTTCACTAAAAAAAAAACGTTTTGAAT
+
9999999999999999999999999999999
@read678
CAAATTTTCCTCATTTTCATAAATTTTTGTA
+
9999999999999999999999999999999
@read679
TGGCAGGCAAAATTACAGAAATCACATTTAG
+
9999999999999999999999999999999
@read680
GAAACCGTGCCGCACTTGCGGGTTTACGAGC
+
9999999999999999999999999999999
@read681
TTTTTTATTTAAAATTATCGAAAATACTAAG
+
9999999999999999999999999999999
@read682
AATAAAATTGGATTCTTTCTGTAATGAAAAA
+
9999999999999999999999999999999
@read683
AAACGAATGTCGTAATAATACTTCTCAAAAA
+
9999999999999999999999999999999
@read684
CGAATTTTACACAGAAACTGCTAAAAATGAT
+
9999999999999999999999999999999
@read685
TTTCTTTAAAAGATGTGCGGTAAGCACTAGA
+
9999999999999999999999999999999
@read686
TGCTAAAAATGATGACTAAATGCGCGGCAAG
+
9999999999999999999999999999999
@read687
TTGAAATGCTTTGAGTAAAACAGAAAAAAAA
+
9999999999999999999999999999999
@read688
CGTTTAAAAACTCACATATAGGCATCCAATG
+
9999999999999999999999999999999
@read689
TTATGAGATTAACATTCGGTCGAACATATAG
+
9999999999999999999999999999999
@read690
TTTCAATCAATACGATCTCCTTGATTTACAA
+
9999999999999999999999999999999
@read691
TGAAAATGGGTATAAAATCAGGGAAATTTTT
+
9999999999999999999999999999999
@read692
GTGACGTAGACGCACTGGGCGGTTGTAAAAC
+
9999999999999999999999999999999
@read693
GTATTAGGCCTAAACACAGGAGCATATAGGT
+
9999999999999999999999999999999
@read694
AAATAAAAATGTTATTTTAAAAATTATTTTA
+
9999999999999999999999999999999
@read695
ACTGAAAATATGTTGAAAGTTTATAAATAAG
+
9999999999999999999999999999999
@read696
TCAAACCCCGATTTTGAAAGTATAGGCCCAA
+
9999999999999999999999999999999
@read697
CCGAAAAATGTTTTTTTCAATATGCAACAAA
+
9999999999999999999999999999999
@read698
TTTTATTGCATTTCACGAATTTGGCAGGCAA
+
9999999999999999999999999999999
@read699
TTTAAACAAAATTCTAGGTAATTGAAATGCT
+
9999999999999999999999999999999
@read700
TTTTAAAAATTAATATAAAATCAGGGAAATT
+
9999999999999999999999999999999
@read701
AGCTTAATTGTGAAATGTTTTAATGTCTTAC
+
9999999999999999999999999999999
@read702
GGATGTATTGTGCTCAAGGATAATGTGACAA
+
9999999999999999999999999999999
@read703
ATTTTTTGCTACAGTGCATTTTTTTTCCACT
+
9999999999999999999999999999999
@read704
GCGTGCTCACGTTATTTCTGTTAAATAAATG
+
9999999999999999999999999999999
@read705
CATAAAAAGGCGGTGAAAGGCTAAAAGTTTG
+
9999999999999999999999999999999
@read706
GTTTTTTATGTGGCTCAAAATTTCGAAAAAT
+
9999999999999999999999999999999
@read707
GTCACCTGATTACGGCTGATGAGCAAAGCAG
+
9999999999999999999999999999999
@read708
TCACTAAAAAAAAAACGTTTTGAATTTAGCA
+
9999999999999999999999999999999
@read709
AAAACGGGAAAAAAAATTCAAAAAAGCACTG
+
9999999999999999999999999999999
@read710
TTCAAAAATGAACAATTTTAATGTTAAATTT
+
9999999999999999999999999999999
@read711
TTTCGTGGGCGGGGCGTCTCTGCCGGGAAAA
+
9999999999999999999999999999999
@read712
TTCTTCTGGAAACTACTGCCTCGCGCTGACG
+
9999999999999999999999999999999
@read713
AGTGATTTATTTAAAGAGAAAAACTATGAAA
+
9999999999999999999999999999999
@read714
ATCCTCATCTGTAATGTCCTCTATTTTTTCC
+
9999999999999999999999999999999
@read715
TTCTCTTTCAGGCGGAGGAATACTGGAGCCG
+
9999999999999999999999999999999
@read716
TGAAGGTTCGGAATTTTTCTATAGACCCTAT
+
9999999999999999999999999999999
@read717
TCGATTTTTATTCGTTTAATTGCAATTTTCC
+
9999999999999999999999999999999
@read718
TTCCCGCCAGAGACGCCCCGCCCACGAAACC
+
9999999999999999999999999999999
@read719
CGAAACCGTGCCGCACTTGCGGGTTTACGAG
+
9999999999999999999999999999999
@read720
TTAGAAAGTTGTTGCAATATAGGTTTGCTAT
+
9999999999999999999999999999999
@read721
ATAGGCAAATACTTATTGATGTCAAAGAAGC
+
9999999999999999999999999999999
@read722
CTCAAAATTTCGAAAAATGGCCCAATTACCG
+
9999999999999999999999999999999
@read723
CGAAAGTTGATATGGAAGACGTCGTCGAGGA
+
9999999999999999999999999999999
@read724
CACTGTGTTTCCGTCTTAATAAAAATTCCTT
+
9999999999999999999999999999999
@read725
TAAGCCTAAGCCTAATACTAAGCCTAAGCCT
+
9999999999999999999999999999999
@read726
CTGACTGTTTTCTAGAAAAAAAAAAAGGCGG
+
9999999999999999999999999999999
@read727
AACCCGAAAAATGTTTTTTTCAATATGCAAC
+
9999999999999999999999999999999
@read728
AGCATCTCTTAATGCCATTCTTCTCGAAAGT
+
9999999999999999999999999999999
@read729
CTATTTTTTCCCGACTATTTTCCGACCAAAA
+
9999999999999999999999999999999
@read730
TGTTTGGGTAGGCCTAATGAGGTCACCTGAT
+
9999999999999999999999999999999
@read731
ACATCGATATTCGGTATCAGGGGCAAAATTA
+
9999999999999999999999999999999
@read732
TCCTACATCTATTCTGAAAAGTCAGTAAATT
+
9999999999999999999999999999999
@read733
TTAATAGCCAATTTCAAGTCTAAAGTCATAT
+
9999999999999999999999999999999
@read734
ATGCCTTCGCGGGCTGAATTTTGGGTCTGAT
+
9999999999999999999999999999999
@read735
GGAAATGCGCATAAAAAGGCGGTGAAAGGCT
+
9999999999999999999999999999999
@read736
GCCAATTTCAAGTCTAAAGTCATATAGGCAA
+
9999999999999999999999999999999
@read737
TAAAACAAATTTTCCTCATTTTCATAAATTT
+
9999999999999999999999999999999
@read738
GAGGTCACCTGATTACGGCTGATGAGCAAAG
+
9999999999999999999999999999999
@read739
CGGAAAAATTTTTGCAAGAATCAAGAAACAA
+
9999999999999999999999999999999
@read740
AAAAACAATTATACTAAAGTGGCTAGATATC
+
9999999999999999999999999999999
@read741
AATTAAAACAAATTTTCCTCATTTTCATAAA
+
9999999999999999999999999999999
@read742
GACAATAGTTTTGCCAAAAACTAAAAACAAT
+
9999999999999999999999999999999
@read743
TAGCCTCTATATTATGCCTTATGGGAATGCA
+
9999999999999999999999999999999
@read744
TTTTTTACTAAACATTTTTTAAAACAATTCA
+
9999999999999999999999999999999
@read745
TTAAGTCTCAAAACAATGTTTTCAACTATTC
+
9999999999999999999999999999999
@read746
CACCGGTGGGCGGAGTCGCGGCGCACACAAC
+
9999999999999999999999999999999
@read747
GAAGCCTCAACACACCGGATTCACCAATAAT
+
9999999999999999999999999999999
@read748
ATGTAGTATTTAAGCGAAGGTAGTGCACATC
+
9999999999999999999999999999999
@read749
GACTGTTTTCTAGAAAAAAAAAAAGGCGGCA
+
9999999999999999999999999999999
@read750
CCGGGAGGTGTCGGTCGCCGCGGTAATACCG
+
9999999999999999999999999999999
@read751
TTGTTTCCGCATATTGTTTACAACCATTTAT
+
9999999999999999999999999999999
@read752
TGTGGCTCAAAATTTCGAAAAATGGCCCAAT
+
9999999999999999999999999999999
@read753
AAATCTGGTGTAAAAACTCGGATCCTAGAAA
+
9999999999999999999999999999999
@read754
GTAATTTCAAACTATTGTCTCATAGTTTTTT
+
9999999999999999999999999999999
@read755
ATGAAAAAATAGTAAAAAACAATATTCAACC
+
9999999999999999999999999999999
@read756
AGCCTAATACTAAGCGCTTAGGCTTAGTATT
+
9999999999999999999999999999999
@read757
CAATGGGTTTCAGGGCATTTGGTTGATGAGG
+
9999999999999999999999999999999
@read758
CATCCAATGGATTTTCGGATTTTCAAAATTA
+
9999999999999999999999999999999
@read759
AGAAAACTATCATAAAATTATATTTTTGTAT
+
9999999999999999999999999999999
@read760
GGATATTAGATTTTTATTGCATTTCACGAAT
+
9999999999999999999999999999999
@read761
TGGTCTCGAAAGCACTGCAAACCGGATTCCC
+
9999999999999999999999999999999
@read762
AGTTTTTAATACAAATTTCTTGCGAATTTTC
+
9999999999999999999999999999999
@read763
TTTTTAAAACAATTCATTATTCAGCCCGAGC
+
9999999999999999999999999999999
@read764
CAATAGCGAAAGGGTTCTACAATCATACAAA
+
9999999999999999999999999999999
@read765
TGAAACAATGAACACTATTATAACATTTTCA
+
9999999999999999999999999999999
@read766
CATTTTTTAAAACAATTCATTATTCAGCCCG
+
9999999999999999999999999999999
@read767
TACAGTGCATTTTTTTTCCACTTCTACGACT
+
9999999999999999999999999999999
@read768
CAGTTTTTTAAAAGATAAAACCCGAAAAACG
+
9999999999999999999999999999999
@read769
GATTTTTCAGTTTTTTAAAAGATAAAACCCG
+
9999999999999999999999999999999
@read770
ATTTTCGGATTTTCAAAATTAATATAAAATC
+
9999999999999999999999999999999
@read771
TTTTGCAAAAAACTTATCATTGGGGGGTTCT
+
9999999999999999999999999999999
@read772
TGATGATCATAGTTGGACGAGAACAGAGGTG
+
9999999999999999999999999999999
@read773
CGATTTGCTTGAAATTGCCGGTCACCCCTGG
+
9999999999999999999999999999999
@read774
GGGGGCTATACGTTTATGAGCCGTAGAAAAT
+
9999999999999999999999999999999
@read775
CCAACTTTGAATTTTATAAATATTTTCCAGA
+
9999999999999999999999999999999
@read776
CATATAGGTTGGCAGGCAGGCAAAATTAGAG
+
9999999999999999999999999999999
@read777
ATTACTTTGGCACCCAAAACGCTTTTTGTTT
+
9999999999999999999999999999999
@read778
AATATCAATGTGAAAAAATTAAAACAAATTT
+
9999999999999999999999999999999
@read779
AAATTTCGAAAAATGGCCCAATTACCGAAAT
+
9999999999999999999999999999999
@read780
AAAATTTTCTAAAAATCCGAATAATTTAGTA
+
9999999999999999999999999999999
@read781
TCGCGGGCTGAATTTTGGGTCTGATCCTCTA
+
9999999999999999999999999999999
@read782
TGCTGGTTTGAGAAAAAATAATAAAAACTTT
+
9999999999999999999999999999999
@read783
AAATTTTTTTAAATTTTTTCACATCGATATT
+
9999999999999999999999999999999
@read784
AATACTAAAAGAAGTCTATAATATGTCAATA
+
9999999999999999999999999999999
@read785
AGAAAACTATCATAAAATTATATTTTTGTAT
+
9999999999999999999999999999999
@read786
TTGGCCAAGTTATTCAAACACGTATAAATAA
+
9999999999999999999999999999999
@read787
AACAAAGATTCCCCCACAAAAAGTTACCACC
+
9999999999999999999999999999999
@read788
ACAAATTATTCTGCAAAAAAAACATTCGAAA
+
9999999999999999999999999999999
@read789
CAAATGCAAAATATTTTTGCCAACTTGTGGG
+
9999999999999999999999999999999
@read790
TTTAAAAATTAATATAAAATCAGGGAAATTT
+
9999999999999999999999999999999
@read791
TTCTATTTTTATTTGATTTTATACCGATTTT
+
9999999999999999999999999999999
@read792
ACTTTTTTCTCATTTTCTTTTGATGGAAAAT
+
9999999999999999999999999999999
@read793
ATATTTTCGATGCTCCGGTTATTTTTTAAGC
+
9999999999999999999999999999999
@read794
GTCGTAGAAGTAGGAAAAAATGCACTGTATG
+
9999999999999999999999999999999
@read795
TTGGAAATTTCAGAATTTCAATTTTTAAAAC
+
9999999999999999999999999999999
@read796
GAAGTAGGAAAAAATGCACTGTATGGTGAAT
+
9999999999999999999999999999999
@read797
ATGAGGATTTGGTTGATTTCTTTAAAAGATG
+
9999999999999999999999999999999
@read798
ATGCGTGAAGATTTTTTTCGTGTTTTTTGTC
+
9999999999999999999999999999999
@read799
CTCCAGTCGATTTTGCGCTGAAAATGGGTAT
+
9999999999999999999999999999999
@read800
ATTTCTCTCATGGTCGAAGATTTTCAAAACT
+
9999999999999999999999999999999
@read801
AGCCCGAGCTTCTTAAAGCGTTCGCCGATTC
+
9999999999999999999999999999999
@read802
TAAATTCTGAAATTTTCGTATAAACCACGAC
+
9999999999999999999999999999999
@read803
CCGAAAAATGTTTTTTTCAATATGCAACAAA
+
9999999999999999999999999999999
@read804
AACTCGGATCCTAGAAATATACCCAAATTTA
+
9999999999999999999999999999999
@read805
AAAAAAATTCAAAAAAGCACTGTGTTTCCGT
+
9999999999999999999999999999999
@read806
TCAACAAATTCGACAAAAAATTCTGACTGTT
+
9999999999999999999999999999999
@read807
CCCAAAACGCTTTTTGTTTTCAGAGAATGAT
+
9999999999999999999999999999999
@read808
TGGCCCAATTACCGAAATTAGACTTTTCGGC
+
9999999999999999999999999999999
@read809
GCCTAAGCCTAAGACTAAGCCTAATACTAAG
+
9999999999999999999999999999999
@read810
GCTATACGTTTATGAGCCGTAGAAAATTTTA
+
9999999999999999999999999999999
@read811
ATCGATATTCGGTATCAGGGGCAAAACGGCA
+
9999999999999999999999999999999
@read812
AAAATTTTATTCAAAATTGGTCAATAATCGC
+
9999999999999999999999999999999
@read813
ATGGAAAAGTGTCGCAAGATTTAATTTTCTG
+
9999999999999999999999999999999
@read814
ATTTTCTACCTGGTCGGGGATTTTGGAAAAC
+
9999999999999999999999999999999
@read815
AAATATATGAAAATTCCACAGAAATGAAGTT
+
9999999999999999999999999999999
@read816
ATAATACCAGCTGGAAGAGTTTTCCAATTTT
+
9999999999999999999999999999999
@read817
TTCTATAAAAATATCTGAAGAAAACGGGAAA
+
9999999999999999999999999999999
@read818
TCATATAGGCAAATACTTATTGATGTCAAAG
+
9999999999999999999999999999999
@read819
ACTTATGTCCGGTCATTTCCCTAATTTTCAA
+
9999999999999999999999999999999
@read820
TTTGTATTTTCAGAAGAGTGTACTACCGTTT
+
9999999999999999999999999999999
@read821
ACCGCCCGAACGACGTTATGATTTGATATGG
+
9999999999999999999999999999999
@read822
TAATTTCCAAAAATTTTGAACAGTTTTTAAT
+
9999999999999999999999999999999
@read823
ACAATTAAAATTTTGAAAAAATGAGAAGGGT
+
9999999999999999999999999999999
@read824
GACCCCACTTACTGTAATTTTAGCGCGAAAA
+
9999999999999999999999999999999
@read825
TCGCTGAAAATTTAAGCGTAGAACATCAAAA
+
9999999999999999999999999999999
@read826
CACACCGGATTCACCAATAATTGATTTAAAT
+
9999999999999999999999999999999
@read827
AATATTCCTAAAATGAAAAATTCTTAAAAAT
+
9999999999999999999999999999999
@read828
AAAACTGTTTCATTTAAAATAATTCAATTTT
+
9999999999999999999999999999999
@read829
AATCTCTGAAAACTGTTTCATTTAAAATAAT
+
9999999999999999999999999999999
@read830
CTCACAGTATATTAGCGAATTTTCAACAAAT
+
9999999999999999999999999999999
@read831
TTAAAAGATGTGCGGTAAGCACTAGATAGCA
+
9999999999999999999999999999999
@read832
ATTCGGCGAACCGGCAAATTGTCGTTTTTGT
+
9999999999999999999999999999999
@read833
TTTTTTTCGTGTTTTTTGTCTGAAAAATAAT
+
9999999999999999999999999999999
@read834
CGAAGCTCGCCGCGCCAGCCGGCACAGTAAG
+
9999999999999999999999999999999
@read835
CAATAGTTTTGCCAAAAACTAAAAACAATTA
+
9999999999999999999999999999999
@read836
AATGTCCTCTATTTTTTCCCGACTATTTTCC
+
9999999999999999999999999999999
@read837
CAAAAACTGTATAAACTTGCCCACGTGTAGT
+
9999999999999999999999999999999
@read838
ATGAACACTATTATAACATTTTCAGAAAATG
+
9999999999999999999999999999999
@read839
TCTATATTATGCCTTATGGGAATGCATTTGA
+
9999999999999999999999999999999
@read840
GATTTTTATTGCATTTCACGAATTTGGCAGG
+
9999999999999999999999999999999
@read841
GATTTACGACGAATTTTTGGACAGTTTGTAC
+
9999999999999999999999999999999
@read842
GTAGACGCACTGGGCGGTTGTAAAACCTGAC
+
9999999999999999999999999999999
@read843
ACATTGAAAGAATGATGAATAATGGTTTTTG
+
9999999999999999999999999999999
@read844
TTGTCAAATTTTCGGCAAATTCAGAAAATTG
+
9999999999999999999999999999999
@read845
ATGCAAAATATTTTTGCCAACTTGTGGGTTT
+
9999999999999999999999999999999
@read846
GTTGAAAATTTTATTCAAAATTGGTCAATAA
+
9999999999999999999999999999999
@read847
TTCTCAAAAATGGTTCAAAGTTTTTTATGTG
+
9999999999999999999999999999999
@read848
GTATTTTCAGAAGAGTGTACTACCGTTTCTG
+
9999999999999999999999999999999
@read849
CCTTTATTTTATAAATTCTGAAATTTTCGTA
+
9999999999999999999999999999999
@read850
ATCTACATATTTCAGATCTCTTCCTCCTTTT
+
9999999999999999999999999999999
@read851
TTAAAAACTCACATATAGGCATCCAATGGAT
+
9999999999999999999999999999999
@read852
TTAGTCTTAGGCTTAGGCTTAGTAAACTTTT
+
9999999999999999999999999999999
@read853
TTTTGTTGGAAATTTCAGAATTTCAATTTTT
+
9999999999999999999999999999999
@read854
TTAGCCAAAAACTGTATAAACTTGCCCACGT
+
9999999999999999999999999999999
@read855
AAAGCAAAGAGCGATACTCATTGCCTGTAGC
+
9999999999999999999999999999999
@read856
TTATTACGTTCATAAATAAAGCATGTAGTTT
+
9999999999999999999999999999999
@read857
CCGCATATTGTTTACAACCATTTATACAACA
+
9999999999999999999999999999999
@read858
CATAGTTTTTTGTTGAAAAGTGATTTATTTA
+
9999999999999999999999999999999
@read859
CATGCCTTCGCGGGCTGAATTTTGGGTCTGA
+
9999999999999999999999999999999
@read860
GATCCTCTATTTTACAAATACTAAAAGAAGT
+
9999999999999999999999999999999
@read861
TAAAAAAAATGTGAGATTTTTAAACTAATTT
+
9999999999999999999999999999999
@read862
AAAACTATCATAAAATTATATTTTTGTATCA
+
9999999999999999999999999999999
@read863
TATTTTCATCAAATTTTTATGAGATTAACAT
+
9999999999999999999999999999999
@read864
AAATTTATTTCTTGGCGTAAATAAGAGTCTC
+
9999999999999999999999999999999
@read865
TCAATATTACTTTGGCACCCAAAACGCTTTT
+
9999999999999999999999999999999
@read866
TTAAAATTCATTTAAAATTGTTGTTTCGTCT
+
9999999999999999999999999999999
@read867
AAATTCAGAAAATTGACAATTTGCCGATTTG
+
9999999999999999999999999999999
@read868
CACAAAAGGCTCATTTTACAAATTATTCTGC
+
9999999999999999999999999999999
@read869
TTTCCTTCTATAGACGCCCCGCCCACGAAAC
+
9999999999999999999999999999999
@read870
TTCATTTAAAATTGTTGTTTCGTCTCGAAAT
+
9999999999999999999999999999999
@read871
AATATTTTCCTTCTATTTTTATTTGATTTTA
+
9999999999999999999999999999999
@read872
ATACTAAGTTTTTCTGAAAAAAGCTGAAAAT
+
9999999999999999999999999999999
@read873
AAATTTTTTCACATCGATATTCGGTATCAGG
+
9999999999999999999999999999999
@read874
CTAGAGCGTCTATCCAAAGTTGGCGTTCCTC
+
9999999999999999999999999999999
@read875
AATGCCTAAGCCTAAGACTAAGCCTAAGCCT
+
9999999999999999999999999999999
@read876
CAAAGTTGGCGTTCCTCTTCTTTTGTCGGTA
+
9999999999999999999999999999999
@read877
GATTTTCGGATTTTCAAAATTAATATAAAAT
+
9999999999999999999999999999999
@read878
GAACATAAATAGGGTATATAGAAACATTTTC
+
9999999999999999999999999999999
@read879
GGAAAAAATGCACTGTATGGTGAATTTGAAA
+
9999999999999999999999999999999
@read880
TCTGAAATTTTCGTATAAACCACGACACGGC
+
9999999999999999999999999999999
@read881
CTAAACACAGGAGCATATAGGTTGGCAGGCA
+
9999999999999999999999999999999
@read882
TTCCGAGTTTTTTCGTTATTTTTTCTAAACT
+
9999999999999999999999999999999
@read883
TTTTAGAATTTTTCTAAAATCGGTAGTTTTC
+
9999999999999999999999999999999
@read884
AGCGCAAAATCGACTGGAGACGAGGAAAATC
+
9999999999999999999999999999999
@read885
AAATTAAATTTAAAAAAGGTAAATTCGGCGA
+
9999999999999999999999999999999
@read886
TTCTGGAAACTACTGCCTCGCGCTGACGTCA
+
9999999999999999999999999999999
@read887
TTCAAGTCTAAAGTCATATAGGCAAATACTT
+
9999999999999999999999999999999
@read888
CCGAAATATTTAATATTTAAAATTAAAATTC
+
9999999999999999999999999999999
@read889
AAAACTTTGAAATTAAAAAAAATTCACAAAA
+
9999999999999999999999999999999
@read890
AACGAATGTCGTAATAATACTTCTCAAAAAT
+
9999999999999999999999999999999
@read891
AGAAATCTCTGAAAACTGTTTCATTTAAAAT
+
9999999999999999999999999999999
@read892
AAGTGGGGTACTGTAATCTCAATTTTCTGGC
+
9999999999999999999999999999999
@read893
GATGCTCCGGTTATTTTTTAAGCGAAATAAA
+
9999999999999999999999999999999
@read894
CCAAAAATTTCAATGTTTTCACCCAGACTCG
+
9999999999999999999999999999999
@read895
CTTCATCCTCATCCTCATCTGTAATGTCCTC
+
9999999999999999999999999999999
@read896
TGAACAGTTTTTAATACAAATTTCTTGCGAA
+
9999999999999999999999999999999
@read897
GCCAACTTTGAATTTTATAAATATTTTCCAG
+
9999999999999999999999999999999
@read898
TTCGGATTTTTTTTCAATCAATACGATCTCC
+
9999999999999999999999999999999
@read899
AATTTTCGATGCACCATGTCTGAAATAATAC
+
9999999999999999999999999999999
@read900
TTCCCCACAAACTCTACTCCCCCTTTAAACA
+
9999999999999999999999999999999
@read901
TCTATAGACGCCCCGCCCACGAAACCGTGCC
+
9999999999999999999999999999999
@read902
TCTTAGGCTTAGTCTTAGGCTTAGGCTTAGT
+
9999999999999999999999999999999
@read903
CCTAAAAACCCCATGGCCGAAGCTTTTTTCT
+
9999999999999999999999999999999
@read904
GTGTGGAGCCTGAACGCTTCCCATTTTCACG
+
9999999999999999999999999999999
@read905
CTATTTTTTCCCGACTATTTTCCGACCAAAA
+
9999999999999999999999999999999
@read906
AATGAAGTTTTTAAACTACAGTACTTCTTAA
+
9999999999999999999999999999999
@read907
GGGAATTTTTTTTGAATTTTTCACATTGGTA
+
9999999999999999999999999999999
@read908
GCCACACATTACCACATATGACGAATCTTCC
+
9999999999999999999999999999999
@read909
AGAAATAAATAGACGGCCTAAAAACCCCATG
+
9999999999999999999999999999999
@read910
ATATATCCTCGGGTGGTTGTTAAAGGGGGAG
+
9999999999999999999999999999999
@read911
TTTTGTCGCTTACAAAAATTTATATAAAATC
+
9999999999999999999999999999999
@read912
AAAATCGCAAAACGTCACGTTTGGATAATAT
+
9999999999999999999999999999999
@read913
GAGGTGCTGGTTTGAGAAAAAATAATAAAAA
+
9999999999999999999999999999999
@read914
GATGATATTCTGTTGAAAATTTTATTCAAAA
+
9999999999999999999999999999999
@read915
TATTTCAGATCTCTTCCTCCTTTTCCGAGTT
+
9999999999999999999999999999999
@read916
ATAAATGTTAAGCAATATTTTAGATGATATT
+
9999999999999999999999999999999
@read917
ACTAAAAAAAAAATTTTTAAGTCTCAAAACA
+
9999999999999999999999999999999
@read918
TTCGGTCGAACATATAGGGGTTTTCAAACCC
+
9999999999999999999999999999999
@read919
TTTTTCACATTAAAAAGTCAATTTCGTACAT
+
9999999999999999999999999999999
@read920
ATAAAAAGGCGGTGAAAGGCTAAAAGTTTGT
+
9999999999999999999999999999999
@read921
TTTATTGCATTTCACGAATTTGGCAGGCAAA
+
9999999999999999999999999999999
@read922
GCCTAATACTAAGCGCTTAGGCTTAGTATTA
+
9999999999999999999999999999999
@read923
TCGATTTTTCTCATTTTTTCTCTTTTTTTTT
+
9999999999999999999999999999999
@read924
TAAGCCTAAGCCTAATACTAAGCCTAAGCCT
+
9999999999999999999999999999999
@read925
GAGAAGGGTGTGTCGATTTACGACGAATTTT
+
9999999999999999999999999999999
@read926
AATTTTTTTTGAATTTTTCACATTGGTATTC
+
9999999999999999999999999999999
@read927
AAATTTTCGGCAAATTCAGAAAATTGACAAT
+
9999999999999999999999999999999
@read928
TGAGAACTCTAATCCATTCTCTGAGCGAGAA
+
9999999999999999999999999999999
@read929
CGAAATAAAATAAAAATGTTATTTTAAAAAT
+
9999999999999999999999999999999
@read930
TGGGCGGTTGTAAAACCTGACAGAAAGAATT
+
9999999999999999999999999999999
@read931
AAAATGACTTTCAATGGGGAGAGAAAGGGGA
+
9999999999999999999999999999999
@read932
AATATTCGCCGAAAAACGGTTCAAATTCACA
+
9999999999999999999999999999999
@read933
GTTTACAACCATTTATACAACATGTGACGTA
+
9999999999999999999999999999999
@read934
AGAACTTTTTTTGCAAAAAACTTATCATTGG
+
9999999999999999999999999999999
@read935
CCGCGCGAGCCAGGACGTCAACGGAATGCTC
+
9999999999999999999999999999999
@read936
GGATTTGGTTGATTTCTTTAAAAGATGTGCG
+
9999999999999999999999999999999
@read937
AGGAATACTGGAGCCGCGCGAGCCAGGACGT
+
9999999999999999999999999999999
@read938
AAAGGAGATTTATCCAGTAAAAATGTATGCA
+
9999999999999999999999999999999
@read939
ACAGAAATCACATTTAGCTATTTTCTGAAAT
+
9999999999999999999999999999999
@read940
TTTTTGCAAGAATCAAGAAACAAAAATTTTT
+
9999999999999999999999999999999
@read941
AAACTCTATAACATGTAAGAATTTTTGAAAA
+
9999999999999999999999999999999
@read942
TCACAAATTTTAGCCAAAAACTGTATAAACT
+
9999999999999999999999999999999
@read943
CATCTGTAATGTCCTCTATTTTTTCCCGACT
+
9999999999999999999999999999999
@read944
ATTCTTGAAATATGAGGCAAAAGTTGCGATT
+
9999999999999999999999999999999
@read945
TGTCGTCCAGTATTCTATTCCTTCTCGGCGA
+
9999999999999999999999999999999
@read946
TGGCCTAGGAAAAGCTCTTCCACTGAAAATG
+
9999999999999999999999999999999
@read947
CTAAAAACCCCATGGCCGAAGCTTTTTTCTA
+
9999999999999999999999999999999
@read948
GATGAGAACTCTAATCCATTCTCTGAGCGAG
+
9999999999999999999999999999999
@read949
ACACATTACCACATATGACGAATCTTCCGCT
+
9999999999999999999999999999999
@read950
ATTTCAATTTTTAAAACAACAAAATTGTCCT
+
9999999999999999999999999999999
@read951
TTTGGAGGTCAATTCTCCTCGTACGATATCT
+
9999999999999999999999999999999
@read952
GAAATTGGCATTAATAGCCAATTTCAAGTCT
+
9999999999999999999999999999999
@read953
GGCTATACGTTTATGAGCCGTAGAAAATTTT
+
9999999999999999999999999999999
@read954
AAAACAATTTTGAAAAAGTAAAATGTTTTCT
+
9999999999999999999999999999999
@read955
AGGAAAATATTTTCAGCCATCACAAAGTTTC
+
9999999999999999999999999999999
@read956
CGCCCGTTTGTATTTCACAAAAATTGTCGTG
+
9999999999999999999999999999999
@read957
TCTATAGACCCTATTTATTTTCCTGATTCCG
+
9999999999999999999999999999999
@read958
TTCTCTTTCAGGCGGAGGAATACTGGAGCCG
+
9999999999999999999999999999999
@read959
AGATTTTTAAACTAATTTCCAAAAATTTTGA
+
9999999999999999999999999999999
@read960
ATAGTCATCATTTTTAACAAAGTCTGCTCAA
+
9999999999999999999999999999999
@read961
CCGCCGCAGTTGAAAATTAGACAGAGGAGTT
+
9999999999999999999999999999999
@read962
ATTCGACGATGATGATCATAGTTGGACGAGA
+
9999999999999999999999999999999
@read963
ACAACCATTTATACAACATGTGACGTAGACG
+
9999999999999999999999999999999
@read964
GACTGATGGGAAATGCGCATAAAAAGGCGGT
+
9999999999999999999999999999999
@read965
ATGAGGGATATTAGATTTTTATTGCATTTCA
+
9999999999999999999999999999999
@read966
ACTCTTCCACAGCTCCGAACGACGACCTGTA
+
9999999999999999999999999999999
@read967
GAACAGTTTTTAATACAAATTTCTTGCGAAT
+
9999999999999999999999999999999
@read968
AGGCTTAGTCTTAGGCTTAGTCTTAGGCTTA
+
9999999999999999999999999999999
@read969
CCCCTTTAAAGTCGTAGAAGTAGGAAAAAAT
+
9999999999999999999999999999999
@read970
GGGCTGAATTTTGGGTCTGATCCTCTATTTT
+
9999999999999999999999999999999
@read971
GTATTTAAGCGAAGGTAGTGCACATCAAGGC
+
9999999999999999999999999999999
@read972
AGAGTTCCGGAAACATTGATTCGACGCGCTC
+
9999999999999999999999999999999
@read973
TTGAAAACACGAATATCTGTTTAGACAATAG
+
9999999999999999999999999999999
@read974
GGCTTAGTCTTAGGCTTAGGCTTAGTAAACT
+
9999999999999999999999999999999
@read975
GGCAAATTGTCGTTTTTGTCAAATTTTCGGC
+
9999999999999999999999999999999
@read976
GAAAAAAAAAAAGGCGGCATGCGCAAGTTTC
+
9999999999999999999999999999999
@read977
ATCAAGAAACAAAAATTTTTGTCAAAAAAAT
+
9999999999999999999999999999999
@read978
ACAAACATTTAATTTTCAGAGTTCCGGAAAC
+
9999999999999999999999999999999
@read979
AAAATAATTCAATTTTTTTAAAATTAATTTT
+
9999999999999999999999999999999
@read980
AGAAATACTATTAAATAAGTATTTGTATGAA
+
9999999999999999999999999999999
@read981
TCGGGTTTTTAAACTTATGTCCGGTCATTTC
+
9999999999999999999999999999999
@read982
GCACAACCGTTTCTGTAGCTACGATATTCAT
+
9999999999999999999999999999999
@read983
CGTCATTCCCATAGTTTTCATAATCTTTCGG
+
9999999999999999999999999999999
@read984
GCCGAAAAACGGTTCAAATTCACAAATTTTA
+
9999999999999999999999999999999
@read985
TTTGATATGGATTCAATGGGTTTCAGGGCAT
+
9999999999999999999999999999999
@read986
TTTCATCAAATTTTTATGAGATTAACATTCG
+
9999999999999999999999999999999
@read987
ATGAGACTCTCAGAAGAAAATTGATAAATAT
+
9999999999999999999999999999999
@read988
GTAGCTACGATATTCATTTCAAAAAACCCGA
+
9999999999999999999999999999999
@read989
GGCAAGACCCTTCCGCATAAATGCTCCCCCC
+
9999999999999999999999999999999
@read990
TTCCTCCTTTTCCGAGTTTTTTCGTTATTTT
+
9999999999999999999999999999999
@read991
TTTTGAAAGTATAGGCCCAAATTGTGCTCAA
+
9999999999999999999999999999999
@read992
ATAACATGTAAGAATTTTTGAAAAAAACTAA
+
9999999999999999999999999999999
@read993
GAAATTAGACTTTTCGGCAAACGGGAAAAAC
+
9999999999999999999999999999999
@read994
TATTGCATTTCACGAATTTGGCAGGCAAAAT
+
9999999999999999999999999999999
@read995
GTCTCGACACGACACGTTTTTGCGAAATTCG
+
9999999999999999999999999999999
@read996
TTATTGAAGGACTGAAGAAAAAGGTATAGAA
+
9999999999999999999999999999999
@read997
ACAAAATTCTAGGTAATTGAAATGCTTTGAG
+
9999999999999999999999999999999
@read998
GGCTAAAAGTTTGTAAATCTGGTGTAAAAAC
+
9999999999999999999999999999999
@read999
GGATTCGAAGCGCTTCACGCGCCCGACATAT
+
9999999999999999999999999999999
@read1000
GTTTCGAAAATGACTTTCAATGGGGAGAGAA
+
9999999999999999999999999999999
